2025-04-27 06:53:11,020 - TrackerServer - INFO - Request: GET /docs - Status: 200 - Duration: 0.000512s
2025-04-27 06:53:11,242 - TrackerServer - INFO - Request: GET /openapi.json - Status: 200 - Duration: 0.007969s
2025-04-27 06:56:49,090 - TrackerServer - DEBUG - Root endpoint accessed
2025-04-27 06:56:49,093 - TrackerServer - INFO - Request: GET / - Status: 200 - Duration: 0.004631s
2025-04-27 07:02:18,068 - TrackerServer - INFO - Attempting to register peer with IP: 127.0.0.1, Port: 9000
2025-04-27 07:02:18,069 - TrackerServer - INFO - Peer registered successfully: 9a6a5463-d8fe-458e-99bd-4c981a54e7ed
2025-04-27 07:02:18,069 - TrackerServer - INFO - Request: POST /register_peer - Status: 200 - Duration: 0.002899s
2025-04-27 07:02:33,736 - TrackerServer - INFO - File advertisement request from peer 9a6a5463-d8fe-458e-99bd-4c981a54e7ed
2025-04-27 07:02:33,737 - TrackerServer - INFO - Files advertised by peer 9a6a5463-d8fe-458e-99bd-4c981a54e7ed: ['LAB#10.pkt']
2025-04-27 07:02:33,737 - TrackerServer - DEBUG - New files added: {'LAB#10.pkt'}
2025-04-27 07:02:33,738 - TrackerServer - INFO - Request: POST /advertise_file - Status: 200 - Duration: 0.00341s
2025-04-27 07:02:45,845 - TrackerServer - INFO - Attempting to register peer with IP: 127.0.0.1, Port: 9000
2025-04-27 07:02:45,846 - TrackerServer - INFO - Peer registered successfully: 6fff66c6-2d2b-46b2-8234-17c2a8025c9a
2025-04-27 07:02:45,846 - TrackerServer - INFO - Request: POST /register_peer - Status: 200 - Duration: 0.001785s
2025-04-27 07:05:27,280 - TrackerServer - INFO - Request: POST /update_peer_status - Status: 422 - Duration: 0.006408s
2025-04-27 07:06:12,421 - TrackerServer - INFO - Attempting to register peer with IP: 127.0.0.1, Port: 3500
2025-04-27 07:06:12,422 - TrackerServer - INFO - Peer registered successfully: 9ceb5084-f61e-4262-b985-a05fec628a80
2025-04-27 07:06:12,423 - TrackerServer - INFO - Request: POST /register_peer - Status: 200 - Duration: 0.003011s
2025-04-27 07:06:34,189 - TrackerServer - INFO - File advertisement request from peer 9ceb5084-f61e-4262-b985-a05fec628a80
2025-04-27 07:06:34,190 - TrackerServer - INFO - Files advertised by peer 9ceb5084-f61e-4262-b985-a05fec628a80: ['LAB#10.pkt']
2025-04-27 07:06:34,190 - TrackerServer - DEBUG - New files added: {'LAB#10.pkt'}
2025-04-27 07:06:34,191 - TrackerServer - INFO - Request: POST /advertise_file - Status: 200 - Duration: 0.002368s
2025-04-27 07:08:48,501 - TrackerServer - INFO - Attempting to register peer with IP: 127.0.0.1, Port: 3500
2025-04-27 07:08:48,503 - TrackerServer - INFO - Peer registered successfully: c56a9d58-6c65-48d0-afdd-331dcdacde2c
2025-04-27 07:08:48,504 - TrackerServer - INFO - Request: POST /register_peer - Status: 200 - Duration: 0.004356s
2025-04-27 07:09:04,576 - TrackerServer - INFO - File advertisement request from peer c56a9d58-6c65-48d0-afdd-331dcdacde2c
2025-04-27 07:09:04,577 - TrackerServer - INFO - Files advertised by peer c56a9d58-6c65-48d0-afdd-331dcdacde2c: ['LAB#10.pkt']
2025-04-27 07:09:04,577 - TrackerServer - DEBUG - New files added: {'LAB#10.pkt'}
2025-04-27 07:09:04,578 - TrackerServer - INFO - Request: POST /advertise_file - Status: 200 - Duration: 0.002747s
2025-04-27 07:12:03,548 - TrackerServer - INFO - Updating status for peer c56a9d58-6c65-48d0-afdd-331dcdacde2c to offline
2025-04-27 07:12:03,549 - TrackerServer - INFO - Successfully updated peer c56a9d58-6c65-48d0-afdd-331dcdacde2c status to offline
2025-04-27 07:12:03,550 - TrackerServer - INFO - Request: POST /update_peer_status - Status: 200 - Duration: 0.002563s
2025-04-27 07:12:07,576 - TrackerServer - INFO - Attempting to register peer with IP: 127.0.0.1, Port: 3500
2025-04-27 07:12:07,577 - TrackerServer - INFO - Peer registered successfully: 12fba2d6-2309-4749-9297-6c96851926dc
2025-04-27 07:12:07,577 - TrackerServer - INFO - Request: POST /register_peer - Status: 200 - Duration: 0.001896s
2025-04-27 07:23:31,783 - TrackerServer - INFO - Attempting to register peer with IP: 127.0.0.1, Port: 3500
2025-04-27 07:23:31,784 - TrackerServer - INFO - Peer registered successfully: 00d69be4-d2c8-44f8-9716-30c3f373a3b9
2025-04-27 07:23:31,785 - TrackerServer - INFO - Request: POST /register_peer - Status: 200 - Duration: 0.002238s
2025-04-27 07:24:28,854 - TrackerServer - INFO - Updating status for peer 00d69be4-d2c8-44f8-9716-30c3f373a3b9 to offline
2025-04-27 07:24:28,859 - TrackerServer - INFO - Successfully updated peer 00d69be4-d2c8-44f8-9716-30c3f373a3b9 status to offline
2025-04-27 07:24:28,860 - TrackerServer - INFO - Request: POST /update_peer_status - Status: 200 - Duration: 0.006675s
2025-04-27 07:25:08,222 - TrackerServer - INFO - Attempting to register peer with IP: 127.0.0.1, Port: 3500
2025-04-27 07:25:08,223 - TrackerServer - INFO - Peer registered successfully: 4dbd343a-6925-4777-87f8-a5e14d06a8f9
2025-04-27 07:25:08,224 - TrackerServer - INFO - Request: POST /register_peer - Status: 200 - Duration: 0.001749s
2025-04-27 07:27:16,549 - TrackerServer - INFO - Attempting to register peer with IP: 127.0.0.1, Port: 3500
2025-04-27 07:27:16,549 - TrackerServer - INFO - Peer registered successfully: 0a7e34f0-feba-412f-948e-4a0c0c711569
2025-04-27 07:27:16,550 - TrackerServer - INFO - Request: POST /register_peer - Status: 200 - Duration: 0.001939s
2025-04-27 07:27:18,593 - TrackerServer - INFO - Listing all peers
2025-04-27 07:27:18,593 - TrackerServer - INFO - Found 3 active peers
2025-04-27 07:27:18,594 - TrackerServer - INFO - Request: GET /list_peers - Status: 200 - Duration: 0.001452s
2025-04-27 07:27:23,611 - TrackerServer - INFO - Listing all peers
2025-04-27 07:27:23,612 - TrackerServer - INFO - Found 3 active peers
2025-04-27 07:27:23,613 - TrackerServer - INFO - Request: GET /list_peers - Status: 200 - Duration: 0.001421s
2025-04-27 07:27:28,606 - TrackerServer - INFO - Listing all peers
2025-04-27 07:27:28,606 - TrackerServer - INFO - Found 3 active peers
2025-04-27 07:27:28,607 - TrackerServer - INFO - Request: GET /list_peers - Status: 200 - Duration: 0.001325s
2025-04-27 07:27:33,633 - TrackerServer - INFO - Listing all peers
2025-04-27 07:27:33,634 - TrackerServer - INFO - Found 3 active peers
2025-04-27 07:27:33,634 - TrackerServer - INFO - Request: GET /list_peers - Status: 200 - Duration: 0.001422s
2025-04-27 07:27:38,600 - TrackerServer - INFO - Listing all peers
2025-04-27 07:27:38,600 - TrackerServer - INFO - Found 3 active peers
2025-04-27 07:27:38,601 - TrackerServer - INFO - Request: GET /list_peers - Status: 200 - Duration: 0.001612s
2025-04-27 07:27:43,614 - TrackerServer - INFO - Listing all peers
2025-04-27 07:27:43,615 - TrackerServer - INFO - Found 3 active peers
2025-04-27 07:27:43,616 - TrackerServer - INFO - Request: GET /list_peers - Status: 200 - Duration: 0.002371s
2025-04-27 07:27:48,619 - TrackerServer - INFO - Listing all peers
2025-04-27 07:27:48,620 - TrackerServer - INFO - Found 3 active peers
2025-04-27 07:27:48,620 - TrackerServer - INFO - Request: GET /list_peers - Status: 200 - Duration: 0.001393s
2025-04-27 07:27:53,477 - TrackerServer - INFO - Searching for file: LAB#10.pkt
2025-04-27 07:27:53,477 - TrackerServer - WARNING - File not found in the network: LAB#10.pkt
2025-04-27 07:27:53,479 - TrackerServer - ERROR - Unexpected error during file search: 404: File not found in the network
Traceback (most recent call last):
  File "D:\Assignment\6th Sem\CN\Project\ShardNet - Copy\backend\app\main.py", line 126, in search_file
    raise HTTPException(status_code=404, detail="File not found in the network")
fastapi.exceptions.HTTPException: 404: File not found in the network

2025-04-27 07:27:53,480 - TrackerServer - INFO - Request: GET /search_file - Status: 500 - Duration: 0.004483s
2025-04-27 07:27:55,525 - TrackerServer - INFO - Listing all peers
2025-04-27 07:27:55,526 - TrackerServer - INFO - Found 3 active peers
2025-04-27 07:27:55,527 - TrackerServer - INFO - Request: GET /list_peers - Status: 200 - Duration: 0.00152s
2025-04-27 07:27:58,609 - TrackerServer - INFO - Listing all peers
2025-04-27 07:27:58,609 - TrackerServer - INFO - Found 3 active peers
2025-04-27 07:27:58,610 - TrackerServer - INFO - Request: GET /list_peers - Status: 200 - Duration: 0.001416s
2025-04-27 07:28:03,584 - TrackerServer - INFO - Listing all peers
2025-04-27 07:28:03,585 - TrackerServer - INFO - Found 3 active peers
2025-04-27 07:28:03,585 - TrackerServer - INFO - Request: GET /list_peers - Status: 200 - Duration: 0.001898s
2025-04-27 07:28:08,613 - TrackerServer - INFO - Listing all peers
2025-04-27 07:28:08,613 - TrackerServer - INFO - Found 3 active peers
2025-04-27 07:28:08,614 - TrackerServer - INFO - Request: GET /list_peers - Status: 200 - Duration: 0.001397s
2025-04-27 07:28:13,620 - TrackerServer - INFO - Listing all peers
2025-04-27 07:28:13,621 - TrackerServer - INFO - Found 3 active peers
2025-04-27 07:28:13,621 - TrackerServer - INFO - Request: GET /list_peers - Status: 200 - Duration: 0.001487s
2025-04-27 07:28:18,589 - TrackerServer - INFO - Listing all peers
2025-04-27 07:28:18,590 - TrackerServer - INFO - Found 3 active peers
2025-04-27 07:28:18,591 - TrackerServer - INFO - Request: GET /list_peers - Status: 200 - Duration: 0.002154s
2025-04-27 07:28:23,611 - TrackerServer - INFO - Listing all peers
2025-04-27 07:28:23,611 - TrackerServer - INFO - Found 3 active peers
2025-04-27 07:28:23,612 - TrackerServer - INFO - Request: GET /list_peers - Status: 200 - Duration: 0.001397s
2025-04-27 07:28:28,591 - TrackerServer - INFO - Listing all peers
2025-04-27 07:28:28,591 - TrackerServer - INFO - Found 3 active peers
2025-04-27 07:28:28,592 - TrackerServer - INFO - Request: GET /list_peers - Status: 200 - Duration: 0.00165s
2025-04-27 07:28:33,619 - TrackerServer - INFO - Listing all peers
2025-04-27 07:28:33,619 - TrackerServer - INFO - Found 3 active peers
2025-04-27 07:28:33,620 - TrackerServer - INFO - Request: GET /list_peers - Status: 200 - Duration: 0.002272s
2025-04-27 07:28:38,603 - TrackerServer - INFO - Listing all peers
2025-04-27 07:28:38,603 - TrackerServer - INFO - Found 3 active peers
2025-04-27 07:28:38,604 - TrackerServer - INFO - Request: GET /list_peers - Status: 200 - Duration: 0.001366s
2025-04-27 07:28:43,612 - TrackerServer - INFO - Listing all peers
2025-04-27 07:28:43,612 - TrackerServer - INFO - Found 3 active peers
2025-04-27 07:28:43,613 - TrackerServer - INFO - Request: GET /list_peers - Status: 200 - Duration: 0.00141s
2025-04-27 07:28:48,611 - TrackerServer - INFO - Listing all peers
2025-04-27 07:28:48,611 - TrackerServer - INFO - Found 3 active peers
2025-04-27 07:28:48,612 - TrackerServer - INFO - Request: GET /list_peers - Status: 200 - Duration: 0.001523s
2025-04-27 07:28:53,637 - TrackerServer - INFO - Listing all peers
2025-04-27 07:28:53,637 - TrackerServer - INFO - Found 3 active peers
2025-04-27 07:28:53,638 - TrackerServer - INFO - Request: GET /list_peers - Status: 200 - Duration: 0.00142s
2025-04-27 07:28:58,600 - TrackerServer - INFO - Listing all peers
2025-04-27 07:28:58,600 - TrackerServer - INFO - Found 3 active peers
2025-04-27 07:28:58,601 - TrackerServer - INFO - Request: GET /list_peers - Status: 200 - Duration: 0.001535s
2025-04-27 07:29:03,635 - TrackerServer - INFO - Listing all peers
2025-04-27 07:29:03,635 - TrackerServer - INFO - Found 3 active peers
2025-04-27 07:29:03,636 - TrackerServer - INFO - Request: GET /list_peers - Status: 200 - Duration: 0.001399s
2025-04-27 07:29:08,609 - TrackerServer - INFO - Listing all peers
2025-04-27 07:29:08,609 - TrackerServer - INFO - Found 3 active peers
2025-04-27 07:29:08,611 - TrackerServer - INFO - Request: GET /list_peers - Status: 200 - Duration: 0.001922s
2025-04-27 07:29:13,616 - TrackerServer - INFO - Listing all peers
2025-04-27 07:29:13,617 - TrackerServer - INFO - Found 3 active peers
2025-04-27 07:29:13,618 - TrackerServer - INFO - Request: GET /list_peers - Status: 200 - Duration: 0.001514s
2025-04-27 07:29:18,597 - TrackerServer - INFO - Listing all peers
2025-04-27 07:29:18,602 - TrackerServer - INFO - Found 3 active peers
2025-04-27 07:29:18,609 - TrackerServer - INFO - Request: GET /list_peers - Status: 200 - Duration: 0.015198s
2025-04-27 07:29:23,606 - TrackerServer - INFO - Listing all peers
2025-04-27 07:29:23,606 - TrackerServer - INFO - Found 3 active peers
2025-04-27 07:29:23,607 - TrackerServer - INFO - Request: GET /list_peers - Status: 200 - Duration: 0.001404s
2025-04-27 07:29:28,607 - TrackerServer - INFO - Listing all peers
2025-04-27 07:29:28,607 - TrackerServer - INFO - Found 3 active peers
2025-04-27 07:29:28,608 - TrackerServer - INFO - Request: GET /list_peers - Status: 200 - Duration: 0.001495s
2025-04-27 07:29:33,604 - TrackerServer - INFO - Listing all peers
2025-04-27 07:29:33,604 - TrackerServer - INFO - Found 3 active peers
2025-04-27 07:29:33,605 - TrackerServer - INFO - Request: GET /list_peers - Status: 200 - Duration: 0.0015s
2025-04-27 07:29:38,593 - TrackerServer - INFO - Listing all peers
2025-04-27 07:29:38,593 - TrackerServer - INFO - Found 3 active peers
2025-04-27 07:29:38,594 - TrackerServer - INFO - Request: GET /list_peers - Status: 200 - Duration: 0.001405s
2025-04-27 07:29:43,599 - TrackerServer - INFO - Listing all peers
2025-04-27 07:29:43,599 - TrackerServer - INFO - Found 3 active peers
2025-04-27 07:29:43,600 - TrackerServer - INFO - Request: GET /list_peers - Status: 200 - Duration: 0.001768s
2025-04-27 07:29:48,707 - TrackerServer - INFO - Listing all peers
2025-04-27 07:29:48,707 - TrackerServer - INFO - Found 3 active peers
2025-04-27 07:29:48,708 - TrackerServer - INFO - Request: GET /list_peers - Status: 200 - Duration: 0.00191s
2025-04-27 07:29:53,639 - TrackerServer - INFO - Listing all peers
2025-04-27 07:29:53,639 - TrackerServer - INFO - Found 3 active peers
2025-04-27 07:29:53,640 - TrackerServer - INFO - Request: GET /list_peers - Status: 200 - Duration: 0.001724s
2025-04-27 07:30:00,043 - TrackerServer - INFO - Listing all peers
2025-04-27 07:30:00,043 - TrackerServer - INFO - Found 3 active peers
2025-04-27 07:30:00,055 - TrackerServer - INFO - Request: GET /list_peers - Status: 200 - Duration: 0.01317s
2025-04-27 07:30:03,599 - TrackerServer - INFO - Listing all peers
2025-04-27 07:30:03,600 - TrackerServer - INFO - Found 3 active peers
2025-04-27 07:30:03,603 - TrackerServer - INFO - Request: GET /list_peers - Status: 200 - Duration: 0.004265s
2025-04-27 07:30:08,603 - TrackerServer - INFO - Listing all peers
2025-04-27 07:30:08,604 - TrackerServer - INFO - Found 3 active peers
2025-04-27 07:30:08,606 - TrackerServer - INFO - Request: GET /list_peers - Status: 200 - Duration: 0.003317s
2025-04-27 07:30:10,646 - TrackerServer - INFO - Searching for file: LAB#10.pkt
2025-04-27 07:30:10,646 - TrackerServer - WARNING - File not found in the network: LAB#10.pkt
2025-04-27 07:30:10,647 - TrackerServer - ERROR - Unexpected error during file search: 404: File not found in the network
Traceback (most recent call last):
  File "D:\Assignment\6th Sem\CN\Project\ShardNet - Copy\backend\app\main.py", line 126, in search_file
    raise HTTPException(status_code=404, detail="File not found in the network")
fastapi.exceptions.HTTPException: 404: File not found in the network

2025-04-27 07:30:10,648 - TrackerServer - INFO - Request: GET /search_file - Status: 500 - Duration: 0.003051s
2025-04-27 07:30:13,622 - TrackerServer - INFO - Listing all peers
2025-04-27 07:30:13,622 - TrackerServer - INFO - Found 3 active peers
2025-04-27 07:30:13,623 - TrackerServer - INFO - Request: GET /list_peers - Status: 200 - Duration: 0.001379s
2025-04-27 07:30:15,936 - TrackerServer - INFO - Listing all peers
2025-04-27 07:30:15,937 - TrackerServer - INFO - Found 3 active peers
2025-04-27 07:30:15,938 - TrackerServer - INFO - Request: GET /list_peers - Status: 200 - Duration: 0.001681s
2025-04-27 07:30:17,983 - TrackerServer - INFO - Listing all peers
2025-04-27 07:30:17,984 - TrackerServer - INFO - Found 3 active peers
2025-04-27 07:30:17,984 - TrackerServer - INFO - Request: GET /list_peers - Status: 200 - Duration: 0.001428s
2025-04-27 07:30:20,029 - TrackerServer - INFO - Attempting to register peer with IP: 127.0.0.1, Port: 3500
2025-04-27 07:30:20,029 - TrackerServer - INFO - Peer registered successfully: 8cfc9e9c-00c8-4fe7-b454-010e3f343c56
2025-04-27 07:30:20,030 - TrackerServer - INFO - Request: POST /register_peer - Status: 200 - Duration: 0.001832s
2025-04-27 07:30:22,067 - TrackerServer - INFO - Listing all peers
2025-04-27 07:30:22,068 - TrackerServer - INFO - Found 4 active peers
2025-04-27 07:30:22,068 - TrackerServer - INFO - Request: GET /list_peers - Status: 200 - Duration: 0.001411s
2025-04-27 07:30:27,090 - TrackerServer - INFO - Listing all peers
2025-04-27 07:30:27,091 - TrackerServer - INFO - Found 4 active peers
2025-04-27 07:30:27,091 - TrackerServer - INFO - Request: GET /list_peers - Status: 200 - Duration: 0.001442s
2025-04-27 07:30:29,422 - TrackerServer - INFO - File advertisement request from peer 8cfc9e9c-00c8-4fe7-b454-010e3f343c56
2025-04-27 07:30:29,422 - TrackerServer - INFO - Files advertised by peer 8cfc9e9c-00c8-4fe7-b454-010e3f343c56: ['LAB#10.pkt']
2025-04-27 07:30:29,423 - TrackerServer - DEBUG - New files added: {'LAB#10.pkt'}
2025-04-27 07:30:29,424 - TrackerServer - INFO - Request: POST /advertise_file - Status: 200 - Duration: 0.003361s
2025-04-27 07:30:31,473 - TrackerServer - INFO - Listing all peers
2025-04-27 07:30:31,474 - TrackerServer - INFO - Found 4 active peers
2025-04-27 07:30:31,474 - TrackerServer - INFO - Request: GET /list_peers - Status: 200 - Duration: 0.001396s
2025-04-27 07:30:33,521 - TrackerServer - INFO - Listing all peers
2025-04-27 07:30:33,522 - TrackerServer - INFO - Found 4 active peers
2025-04-27 07:30:33,523 - TrackerServer - INFO - Request: GET /list_peers - Status: 200 - Duration: 0.002643s
2025-04-27 07:30:36,040 - TrackerServer - INFO - Searching for file: [object Object]
2025-04-27 07:30:36,041 - TrackerServer - WARNING - File not found in the network: [object Object]
2025-04-27 07:30:36,041 - TrackerServer - ERROR - Unexpected error during file search: 404: File not found in the network
Traceback (most recent call last):
  File "D:\Assignment\6th Sem\CN\Project\ShardNet - Copy\backend\app\main.py", line 126, in search_file
    raise HTTPException(status_code=404, detail="File not found in the network")
fastapi.exceptions.HTTPException: 404: File not found in the network

2025-04-27 07:30:36,043 - TrackerServer - INFO - Request: GET /search_file - Status: 500 - Duration: 0.002895s
2025-04-27 07:30:38,082 - TrackerServer - INFO - Listing all peers
2025-04-27 07:30:38,083 - TrackerServer - INFO - Found 4 active peers
2025-04-27 07:30:38,084 - TrackerServer - INFO - Request: GET /list_peers - Status: 200 - Duration: 0.002962s
2025-04-27 07:30:42,115 - TrackerServer - INFO - Listing all peers
2025-04-27 07:30:42,115 - TrackerServer - INFO - Found 4 active peers
2025-04-27 07:30:42,116 - TrackerServer - INFO - Request: GET /list_peers - Status: 200 - Duration: 0.001563s
2025-04-27 07:30:47,107 - TrackerServer - INFO - Listing all peers
2025-04-27 07:30:47,107 - TrackerServer - INFO - Found 4 active peers
2025-04-27 07:30:47,108 - TrackerServer - INFO - Request: GET /list_peers - Status: 200 - Duration: 0.001406s
2025-04-27 07:30:52,090 - TrackerServer - INFO - Listing all peers
2025-04-27 07:30:52,090 - TrackerServer - INFO - Found 4 active peers
2025-04-27 07:30:52,091 - TrackerServer - INFO - Request: GET /list_peers - Status: 200 - Duration: 0.001884s
2025-04-27 07:30:57,085 - TrackerServer - INFO - Listing all peers
2025-04-27 07:30:57,085 - TrackerServer - INFO - Found 4 active peers
2025-04-27 07:30:57,086 - TrackerServer - INFO - Request: GET /list_peers - Status: 200 - Duration: 0.001639s
2025-04-27 07:31:02,087 - TrackerServer - INFO - Listing all peers
2025-04-27 07:31:02,087 - TrackerServer - INFO - Found 4 active peers
2025-04-27 07:31:02,088 - TrackerServer - INFO - Request: GET /list_peers - Status: 200 - Duration: 0.001397s
2025-04-27 07:31:07,100 - TrackerServer - INFO - Listing all peers
2025-04-27 07:31:07,100 - TrackerServer - INFO - Found 4 active peers
2025-04-27 07:31:07,101 - TrackerServer - INFO - Request: GET /list_peers - Status: 200 - Duration: 0.001375s
2025-04-27 07:31:12,078 - TrackerServer - INFO - Listing all peers
2025-04-27 07:31:12,078 - TrackerServer - INFO - Found 4 active peers
2025-04-27 07:31:12,079 - TrackerServer - INFO - Request: GET /list_peers - Status: 200 - Duration: 0.00148s
2025-04-27 07:31:17,092 - TrackerServer - INFO - Listing all peers
2025-04-27 07:31:17,092 - TrackerServer - INFO - Found 4 active peers
2025-04-27 07:31:17,093 - TrackerServer - INFO - Request: GET /list_peers - Status: 200 - Duration: 0.001439s
2025-04-27 07:31:22,094 - TrackerServer - INFO - Listing all peers
2025-04-27 07:31:22,094 - TrackerServer - INFO - Found 4 active peers
2025-04-27 07:31:22,095 - TrackerServer - INFO - Request: GET /list_peers - Status: 200 - Duration: 0.001419s
2025-04-27 07:31:27,089 - TrackerServer - INFO - Listing all peers
2025-04-27 07:31:27,089 - TrackerServer - INFO - Found 4 active peers
2025-04-27 07:31:27,090 - TrackerServer - INFO - Request: GET /list_peers - Status: 200 - Duration: 0.001406s
2025-04-27 07:31:32,094 - TrackerServer - INFO - Listing all peers
2025-04-27 07:31:32,094 - TrackerServer - INFO - Found 4 active peers
2025-04-27 07:31:32,095 - TrackerServer - INFO - Request: GET /list_peers - Status: 200 - Duration: 0.001504s
2025-04-27 07:31:37,100 - TrackerServer - INFO - Listing all peers
2025-04-27 07:31:37,100 - TrackerServer - INFO - Found 4 active peers
2025-04-27 07:31:37,101 - TrackerServer - INFO - Request: GET /list_peers - Status: 200 - Duration: 0.001438s
2025-04-27 07:31:42,097 - TrackerServer - INFO - Listing all peers
2025-04-27 07:31:42,097 - TrackerServer - INFO - Found 4 active peers
2025-04-27 07:31:42,098 - TrackerServer - INFO - Request: GET /list_peers - Status: 200 - Duration: 0.001494s
2025-04-27 07:31:47,090 - TrackerServer - INFO - Listing all peers
2025-04-27 07:31:47,090 - TrackerServer - INFO - Found 4 active peers
2025-04-27 07:31:47,091 - TrackerServer - INFO - Request: GET /list_peers - Status: 200 - Duration: 0.001493s
2025-04-27 07:31:52,102 - TrackerServer - INFO - Listing all peers
2025-04-27 07:31:52,102 - TrackerServer - INFO - Found 4 active peers
2025-04-27 07:31:52,103 - TrackerServer - INFO - Request: GET /list_peers - Status: 200 - Duration: 0.002092s
2025-04-27 07:31:57,082 - TrackerServer - INFO - Listing all peers
2025-04-27 07:31:57,082 - TrackerServer - INFO - Found 4 active peers
2025-04-27 07:31:57,084 - TrackerServer - INFO - Request: GET /list_peers - Status: 200 - Duration: 0.002007s
2025-04-27 07:32:02,098 - TrackerServer - INFO - Listing all peers
2025-04-27 07:32:02,098 - TrackerServer - INFO - Found 4 active peers
2025-04-27 07:32:02,099 - TrackerServer - INFO - Request: GET /list_peers - Status: 200 - Duration: 0.001601s
2025-04-27 07:32:07,068 - TrackerServer - INFO - Listing all peers
2025-04-27 07:32:07,069 - TrackerServer - INFO - Found 4 active peers
2025-04-27 07:32:07,070 - TrackerServer - INFO - Request: GET /list_peers - Status: 200 - Duration: 0.001931s
2025-04-27 07:32:12,095 - TrackerServer - INFO - Listing all peers
2025-04-27 07:32:12,095 - TrackerServer - INFO - Found 4 active peers
2025-04-27 07:32:12,096 - TrackerServer - INFO - Request: GET /list_peers - Status: 200 - Duration: 0.001632s
2025-04-27 07:32:17,095 - TrackerServer - INFO - Listing all peers
2025-04-27 07:32:17,095 - TrackerServer - INFO - Found 4 active peers
2025-04-27 07:32:17,096 - TrackerServer - INFO - Request: GET /list_peers - Status: 200 - Duration: 0.001708s
2025-04-27 07:32:22,088 - TrackerServer - INFO - Listing all peers
2025-04-27 07:32:22,089 - TrackerServer - INFO - Found 4 active peers
2025-04-27 07:32:22,090 - TrackerServer - INFO - Request: GET /list_peers - Status: 200 - Duration: 0.001496s
2025-04-27 07:32:27,072 - TrackerServer - INFO - Listing all peers
2025-04-27 07:32:27,072 - TrackerServer - INFO - Found 4 active peers
2025-04-27 07:32:27,073 - TrackerServer - INFO - Request: GET /list_peers - Status: 200 - Duration: 0.001393s
2025-04-27 07:32:29,121 - TrackerServer - INFO - Listing all peers
2025-04-27 07:32:29,122 - TrackerServer - INFO - Found 4 active peers
2025-04-27 07:32:29,171 - TrackerServer - INFO - Request: GET /list_peers - Status: 200 - Duration: 0.050707s
2025-04-27 07:32:31,242 - TrackerServer - INFO - Attempting to register peer with IP: 127.0.0.1, Port: 3500
2025-04-27 07:32:31,242 - TrackerServer - INFO - Peer registered successfully: 63795e0d-7625-4ebc-9393-cf026c4801c0
2025-04-27 07:32:31,243 - TrackerServer - INFO - Request: POST /register_peer - Status: 200 - Duration: 0.00286s
2025-04-27 07:32:33,292 - TrackerServer - INFO - Listing all peers
2025-04-27 07:32:33,292 - TrackerServer - INFO - Found 5 active peers
2025-04-27 07:32:33,293 - TrackerServer - INFO - Request: GET /list_peers - Status: 200 - Duration: 0.001415s
2025-04-27 07:32:37,719 - TrackerServer - INFO - Searching for file: LAB#10.pkt
2025-04-27 07:32:37,719 - TrackerServer - INFO - File found on 1 peers
2025-04-27 07:32:37,720 - TrackerServer - INFO - Request: GET /search_file - Status: 200 - Duration: 0.001406s
2025-04-27 07:32:39,777 - TrackerServer - INFO - Searching for file: LAB#10.pkt
2025-04-27 07:32:39,777 - TrackerServer - INFO - File found on 1 peers
2025-04-27 07:32:39,778 - TrackerServer - INFO - Request: GET /search_file - Status: 200 - Duration: 0.001818s
2025-04-27 07:34:13,874 - TrackerServer - INFO - Listing all peers
2025-04-27 07:34:13,875 - TrackerServer - INFO - Found 5 active peers
2025-04-27 07:34:13,876 - TrackerServer - INFO - Request: GET /list_peers - Status: 200 - Duration: 0.001847s
2025-04-27 07:34:15,942 - TrackerServer - INFO - Listing all peers
2025-04-27 07:34:15,943 - TrackerServer - INFO - Found 5 active peers
2025-04-27 07:34:15,944 - TrackerServer - INFO - Request: GET /list_peers - Status: 200 - Duration: 0.001624s
2025-04-27 07:34:17,991 - TrackerServer - INFO - Searching for file: LAB
2025-04-27 07:34:17,992 - TrackerServer - WARNING - File not found in the network: LAB
2025-04-27 07:34:17,994 - TrackerServer - ERROR - Unexpected error during file search: 404: File not found in the network
Traceback (most recent call last):
  File "D:\Assignment\6th Sem\CN\Project\ShardNet - Copy\backend\app\main.py", line 126, in search_file
    raise HTTPException(status_code=404, detail="File not found in the network")
fastapi.exceptions.HTTPException: 404: File not found in the network

2025-04-27 07:34:17,996 - TrackerServer - INFO - Request: GET /search_file - Status: 500 - Duration: 0.006131s
2025-04-27 07:34:20,032 - TrackerServer - INFO - Searching for file: LAB
2025-04-27 07:34:20,033 - TrackerServer - WARNING - File not found in the network: LAB
2025-04-27 07:34:20,033 - TrackerServer - ERROR - Unexpected error during file search: 404: File not found in the network
Traceback (most recent call last):
  File "D:\Assignment\6th Sem\CN\Project\ShardNet - Copy\backend\app\main.py", line 126, in search_file
    raise HTTPException(status_code=404, detail="File not found in the network")
fastapi.exceptions.HTTPException: 404: File not found in the network

2025-04-27 07:34:20,035 - TrackerServer - INFO - Request: GET /search_file - Status: 500 - Duration: 0.002849s
2025-04-27 07:34:22,095 - TrackerServer - INFO - Listing all peers
2025-04-27 07:34:22,096 - TrackerServer - INFO - Found 5 active peers
2025-04-27 07:34:22,104 - TrackerServer - INFO - Request: GET /list_peers - Status: 200 - Duration: 0.009545s
2025-04-27 07:34:24,145 - TrackerServer - INFO - Searching for file: LAB
2025-04-27 07:34:24,146 - TrackerServer - WARNING - File not found in the network: LAB
2025-04-27 07:34:24,147 - TrackerServer - ERROR - Unexpected error during file search: 404: File not found in the network
Traceback (most recent call last):
  File "D:\Assignment\6th Sem\CN\Project\ShardNet - Copy\backend\app\main.py", line 126, in search_file
    raise HTTPException(status_code=404, detail="File not found in the network")
fastapi.exceptions.HTTPException: 404: File not found in the network

2025-04-27 07:34:24,148 - TrackerServer - INFO - Request: GET /search_file - Status: 500 - Duration: 0.002833s
2025-04-27 07:34:26,202 - TrackerServer - INFO - Listing all peers
2025-04-27 07:34:26,203 - TrackerServer - INFO - Found 5 active peers
2025-04-27 07:34:26,203 - TrackerServer - INFO - Request: GET /list_peers - Status: 200 - Duration: 0.001465s
2025-04-27 07:34:28,247 - TrackerServer - INFO - Listing all peers
2025-04-27 07:34:28,248 - TrackerServer - INFO - Found 5 active peers
2025-04-27 07:34:28,249 - TrackerServer - INFO - Request: GET /list_peers - Status: 200 - Duration: 0.001748s
2025-04-27 07:34:30,291 - TrackerServer - INFO - Listing all peers
2025-04-27 07:34:30,292 - TrackerServer - INFO - Found 5 active peers
2025-04-27 07:34:30,293 - TrackerServer - INFO - Request: GET /list_peers - Status: 200 - Duration: 0.002163s
2025-04-27 07:34:32,341 - TrackerServer - INFO - Listing all peers
2025-04-27 07:34:32,342 - TrackerServer - INFO - Found 5 active peers
2025-04-27 07:34:32,343 - TrackerServer - INFO - Request: GET /list_peers - Status: 200 - Duration: 0.001584s
2025-04-27 07:34:34,384 - TrackerServer - INFO - Listing all peers
2025-04-27 07:34:34,386 - TrackerServer - INFO - Found 5 active peers
2025-04-27 07:34:34,387 - TrackerServer - INFO - Request: GET /list_peers - Status: 200 - Duration: 0.003332s
2025-04-27 07:34:36,447 - TrackerServer - INFO - Listing all peers
2025-04-27 07:34:36,448 - TrackerServer - INFO - Found 5 active peers
2025-04-27 07:34:36,449 - TrackerServer - INFO - Request: GET /list_peers - Status: 200 - Duration: 0.001926s
2025-04-27 07:34:38,483 - TrackerServer - INFO - Listing all peers
2025-04-27 07:34:38,489 - TrackerServer - INFO - Found 5 active peers
2025-04-27 07:34:38,490 - TrackerServer - INFO - Request: GET /list_peers - Status: 200 - Duration: 0.007796s
2025-04-27 07:34:40,526 - TrackerServer - INFO - Listing all peers
2025-04-27 07:34:40,527 - TrackerServer - INFO - Found 5 active peers
2025-04-27 07:34:40,528 - TrackerServer - INFO - Request: GET /list_peers - Status: 200 - Duration: 0.002103s
2025-04-27 07:34:42,564 - TrackerServer - INFO - Listing all peers
2025-04-27 07:34:42,570 - TrackerServer - INFO - Found 5 active peers
2025-04-27 07:34:42,571 - TrackerServer - INFO - Request: GET /list_peers - Status: 200 - Duration: 0.007856s
2025-04-27 07:34:44,624 - TrackerServer - INFO - Listing all peers
2025-04-27 07:34:44,625 - TrackerServer - INFO - Found 5 active peers
2025-04-27 07:34:44,627 - TrackerServer - INFO - Request: GET /list_peers - Status: 200 - Duration: 0.002575s
2025-04-27 07:34:46,690 - TrackerServer - INFO - Listing all peers
2025-04-27 07:34:46,691 - TrackerServer - INFO - Found 5 active peers
2025-04-27 07:34:46,691 - TrackerServer - INFO - Request: GET /list_peers - Status: 200 - Duration: 0.00151s
2025-04-27 07:34:48,730 - TrackerServer - INFO - Listing all peers
2025-04-27 07:34:48,731 - TrackerServer - INFO - Found 5 active peers
2025-04-27 07:34:48,732 - TrackerServer - INFO - Request: GET /list_peers - Status: 200 - Duration: 0.001551s
2025-04-27 07:34:50,770 - TrackerServer - INFO - Listing all peers
2025-04-27 07:34:50,771 - TrackerServer - INFO - Found 5 active peers
2025-04-27 07:34:50,772 - TrackerServer - INFO - Request: GET /list_peers - Status: 200 - Duration: 0.002022s
2025-04-27 07:34:52,819 - TrackerServer - INFO - Listing all peers
2025-04-27 07:34:52,820 - TrackerServer - INFO - Found 5 active peers
2025-04-27 07:34:52,821 - TrackerServer - INFO - Request: GET /list_peers - Status: 200 - Duration: 0.001608s
2025-04-27 07:34:54,860 - TrackerServer - INFO - Listing all peers
2025-04-27 07:34:54,861 - TrackerServer - INFO - Found 5 active peers
2025-04-27 07:34:54,862 - TrackerServer - INFO - Request: GET /list_peers - Status: 200 - Duration: 0.001564s
2025-04-27 07:34:56,894 - TrackerServer - INFO - Listing all peers
2025-04-27 07:34:56,895 - TrackerServer - INFO - Found 5 active peers
2025-04-27 07:34:56,896 - TrackerServer - INFO - Request: GET /list_peers - Status: 200 - Duration: 0.0016s
2025-04-27 07:34:58,981 - TrackerServer - INFO - Listing all peers
2025-04-27 07:34:58,981 - TrackerServer - INFO - Found 5 active peers
2025-04-27 07:34:58,982 - TrackerServer - INFO - Request: GET /list_peers - Status: 200 - Duration: 0.001577s
2025-04-27 07:35:01,023 - TrackerServer - INFO - Listing all peers
2025-04-27 07:35:01,024 - TrackerServer - INFO - Found 5 active peers
2025-04-27 07:35:01,025 - TrackerServer - INFO - Request: GET /list_peers - Status: 200 - Duration: 0.003469s
2025-04-27 07:35:03,066 - TrackerServer - INFO - Listing all peers
2025-04-27 07:35:03,067 - TrackerServer - INFO - Found 5 active peers
2025-04-27 07:35:03,067 - TrackerServer - INFO - Request: GET /list_peers - Status: 200 - Duration: 0.001546s
2025-04-27 07:35:05,102 - TrackerServer - INFO - Listing all peers
2025-04-27 07:35:05,103 - TrackerServer - INFO - Found 5 active peers
2025-04-27 07:35:05,104 - TrackerServer - INFO - Request: GET /list_peers - Status: 200 - Duration: 0.001538s
2025-04-27 07:35:09,669 - TrackerServer - INFO - Listing all peers
2025-04-27 07:35:09,670 - TrackerServer - INFO - Found 5 active peers
2025-04-27 07:35:09,671 - TrackerServer - INFO - Request: GET /list_peers - Status: 200 - Duration: 0.00156s
2025-04-27 07:35:11,703 - TrackerServer - INFO - Listing all peers
2025-04-27 07:35:11,704 - TrackerServer - INFO - Found 5 active peers
2025-04-27 07:35:11,705 - TrackerServer - INFO - Request: GET /list_peers - Status: 200 - Duration: 0.001623s
2025-04-27 07:35:13,752 - TrackerServer - INFO - Listing all peers
2025-04-27 07:35:13,753 - TrackerServer - INFO - Found 5 active peers
2025-04-27 07:35:13,753 - TrackerServer - INFO - Request: GET /list_peers - Status: 200 - Duration: 0.001514s
2025-04-27 07:35:17,887 - TrackerServer - INFO - Listing all peers
2025-04-27 07:35:17,887 - TrackerServer - INFO - Found 5 active peers
2025-04-27 07:35:17,888 - TrackerServer - INFO - Request: GET /list_peers - Status: 200 - Duration: 0.00201s
2025-04-27 07:35:19,964 - TrackerServer - INFO - Listing all peers
2025-04-27 07:35:19,965 - TrackerServer - INFO - Found 5 active peers
2025-04-27 07:35:19,965 - TrackerServer - INFO - Request: GET /list_peers - Status: 200 - Duration: 0.001554s
2025-04-27 07:35:22,012 - TrackerServer - INFO - Listing all peers
2025-04-27 07:35:22,013 - TrackerServer - INFO - Found 5 active peers
2025-04-27 07:35:22,014 - TrackerServer - INFO - Request: GET /list_peers - Status: 200 - Duration: 0.00161s
2025-04-27 07:35:24,058 - TrackerServer - INFO - Listing all peers
2025-04-27 07:35:24,058 - TrackerServer - INFO - Found 5 active peers
2025-04-27 07:35:24,059 - TrackerServer - INFO - Request: GET /list_peers - Status: 200 - Duration: 0.001968s
2025-04-27 07:35:26,117 - TrackerServer - INFO - Listing all peers
2025-04-27 07:35:26,118 - TrackerServer - INFO - Found 5 active peers
2025-04-27 07:35:26,119 - TrackerServer - INFO - Request: GET /list_peers - Status: 200 - Duration: 0.001564s
2025-04-27 07:35:28,179 - TrackerServer - INFO - Listing all peers
2025-04-27 07:35:28,179 - TrackerServer - INFO - Found 5 active peers
2025-04-27 07:35:28,180 - TrackerServer - INFO - Request: GET /list_peers - Status: 200 - Duration: 0.001395s
2025-04-27 07:35:30,224 - TrackerServer - INFO - Attempting to register peer with IP: 127.0.0.1, Port: 3500
2025-04-27 07:35:30,224 - TrackerServer - INFO - Peer registered successfully: 88f7ed4f-2d1f-498c-8ea6-19ab46a96d27
2025-04-27 07:35:30,225 - TrackerServer - INFO - Request: POST /register_peer - Status: 200 - Duration: 0.001783s
2025-04-27 07:35:32,281 - TrackerServer - INFO - Listing all peers
2025-04-27 07:35:32,282 - TrackerServer - INFO - Found 6 active peers
2025-04-27 07:35:32,283 - TrackerServer - INFO - Request: GET /list_peers - Status: 200 - Duration: 0.001546s
2025-04-27 07:35:37,295 - TrackerServer - INFO - Listing all peers
2025-04-27 07:35:37,296 - TrackerServer - INFO - Found 6 active peers
2025-04-27 07:35:37,297 - TrackerServer - INFO - Request: GET /list_peers - Status: 200 - Duration: 0.001555s
2025-04-27 07:35:39,333 - TrackerServer - INFO - Searching for file: LAB#10.pkt
2025-04-27 07:35:39,334 - TrackerServer - INFO - File found on 1 peers
2025-04-27 07:35:39,334 - TrackerServer - INFO - Request: GET /search_file - Status: 200 - Duration: 0.001855s
2025-04-27 07:35:41,376 - TrackerServer - INFO - Searching for file: LAB#10.pkt
2025-04-27 07:35:41,377 - TrackerServer - INFO - File found on 1 peers
2025-04-27 07:35:41,377 - TrackerServer - INFO - Request: GET /search_file - Status: 200 - Duration: 0.001435s
2025-04-27 07:37:15,469 - TrackerServer - INFO - Listing all peers
2025-04-27 07:37:15,470 - TrackerServer - INFO - Found 6 active peers
2025-04-27 07:37:15,471 - TrackerServer - INFO - Request: GET /list_peers - Status: 200 - Duration: 0.001952s
2025-04-27 07:37:17,507 - TrackerServer - INFO - Listing all peers
2025-04-27 07:37:17,508 - TrackerServer - INFO - Found 6 active peers
2025-04-27 07:37:17,508 - TrackerServer - INFO - Request: GET /list_peers - Status: 200 - Duration: 0.001442s
2025-04-27 07:37:19,559 - TrackerServer - INFO - Listing all peers
2025-04-27 07:37:19,560 - TrackerServer - INFO - Found 6 active peers
2025-04-27 07:37:19,561 - TrackerServer - INFO - Request: GET /list_peers - Status: 200 - Duration: 0.002232s
2025-04-27 07:37:21,598 - TrackerServer - INFO - Searching for file: LAB#10.pkt
2025-04-27 07:37:21,599 - TrackerServer - INFO - File found on 1 peers
2025-04-27 07:37:21,600 - TrackerServer - INFO - Request: GET /search_file - Status: 200 - Duration: 0.003735s
2025-04-27 07:37:23,640 - TrackerServer - INFO - Searching for file: LAB#10.pkt
2025-04-27 07:37:23,641 - TrackerServer - INFO - File found on 1 peers
2025-04-27 07:37:23,641 - TrackerServer - INFO - Request: GET /search_file - Status: 200 - Duration: 0.001447s
2025-04-27 07:38:44,480 - TrackerServer - INFO - Attempting to register peer with IP: 127.0.0.1, Port: 3500
2025-04-27 07:38:44,480 - TrackerServer - INFO - Peer registered successfully: b61b6f63-bef1-40e3-affd-b54d5b14fa35
2025-04-27 07:38:44,481 - TrackerServer - INFO - Request: POST /register_peer - Status: 200 - Duration: 0.001889s
2025-04-27 07:38:46,523 - TrackerServer - INFO - Listing all peers
2025-04-27 07:38:46,523 - TrackerServer - INFO - Found 7 active peers
2025-04-27 07:38:46,525 - TrackerServer - INFO - Request: GET /list_peers - Status: 200 - Duration: 0.002265s
2025-04-27 07:38:51,543 - TrackerServer - INFO - Listing all peers
2025-04-27 07:38:51,544 - TrackerServer - INFO - Found 7 active peers
2025-04-27 07:38:51,545 - TrackerServer - INFO - Request: GET /list_peers - Status: 200 - Duration: 0.001581s
2025-04-27 07:38:56,539 - TrackerServer - INFO - Listing all peers
2025-04-27 07:38:56,539 - TrackerServer - INFO - Found 7 active peers
2025-04-27 07:38:56,540 - TrackerServer - INFO - Request: GET /list_peers - Status: 200 - Duration: 0.002395s
2025-04-27 07:39:01,565 - TrackerServer - INFO - Listing all peers
2025-04-27 07:39:01,566 - TrackerServer - INFO - Found 7 active peers
2025-04-27 07:39:01,567 - TrackerServer - INFO - Request: GET /list_peers - Status: 200 - Duration: 0.00203s
2025-04-27 07:39:06,532 - TrackerServer - INFO - Listing all peers
2025-04-27 07:39:06,532 - TrackerServer - INFO - Found 7 active peers
2025-04-27 07:39:06,533 - TrackerServer - INFO - Request: GET /list_peers - Status: 200 - Duration: 0.001566s
2025-04-27 07:39:11,544 - TrackerServer - INFO - Listing all peers
2025-04-27 07:39:11,544 - TrackerServer - INFO - Found 7 active peers
2025-04-27 07:39:11,545 - TrackerServer - INFO - Request: GET /list_peers - Status: 200 - Duration: 0.001648s
2025-04-27 07:39:16,541 - TrackerServer - INFO - Listing all peers
2025-04-27 07:39:16,541 - TrackerServer - INFO - Found 7 active peers
2025-04-27 07:39:16,542 - TrackerServer - INFO - Request: GET /list_peers - Status: 200 - Duration: 0.001581s
2025-04-27 07:39:21,561 - TrackerServer - INFO - Listing all peers
2025-04-27 07:39:21,561 - TrackerServer - INFO - Found 7 active peers
2025-04-27 07:39:21,562 - TrackerServer - INFO - Request: GET /list_peers - Status: 200 - Duration: 0.002701s
2025-04-27 07:39:26,543 - TrackerServer - INFO - Listing all peers
2025-04-27 07:39:26,544 - TrackerServer - INFO - Found 7 active peers
2025-04-27 07:39:26,545 - TrackerServer - INFO - Request: GET /list_peers - Status: 200 - Duration: 0.002191s
2025-04-27 07:39:31,551 - TrackerServer - INFO - Listing all peers
2025-04-27 07:39:31,551 - TrackerServer - INFO - Found 7 active peers
2025-04-27 07:39:31,552 - TrackerServer - INFO - Request: GET /list_peers - Status: 200 - Duration: 0.001477s
2025-04-27 07:39:36,558 - TrackerServer - INFO - Listing all peers
2025-04-27 07:39:36,558 - TrackerServer - INFO - Found 7 active peers
2025-04-27 07:39:36,559 - TrackerServer - INFO - Request: GET /list_peers - Status: 200 - Duration: 0.001572s
2025-04-27 07:39:41,670 - TrackerServer - INFO - Listing all peers
2025-04-27 07:39:41,670 - TrackerServer - INFO - Found 7 active peers
2025-04-27 07:39:41,671 - TrackerServer - INFO - Request: GET /list_peers - Status: 200 - Duration: 0.001639s
2025-04-27 07:39:46,528 - TrackerServer - INFO - Listing all peers
2025-04-27 07:39:46,529 - TrackerServer - INFO - Found 7 active peers
2025-04-27 07:39:46,537 - TrackerServer - INFO - Request: GET /list_peers - Status: 200 - Duration: 0.009707s
2025-04-27 07:39:51,530 - TrackerServer - INFO - Listing all peers
2025-04-27 07:39:51,531 - TrackerServer - INFO - Found 7 active peers
2025-04-27 07:39:51,531 - TrackerServer - INFO - Request: GET /list_peers - Status: 200 - Duration: 0.001549s
2025-04-27 07:39:56,522 - TrackerServer - INFO - Listing all peers
2025-04-27 07:39:56,523 - TrackerServer - INFO - Found 7 active peers
2025-04-27 07:39:56,525 - TrackerServer - INFO - Request: GET /list_peers - Status: 200 - Duration: 0.002529s
2025-04-27 07:40:01,529 - TrackerServer - INFO - Listing all peers
2025-04-27 07:40:01,530 - TrackerServer - INFO - Found 7 active peers
2025-04-27 07:40:01,531 - TrackerServer - INFO - Request: GET /list_peers - Status: 200 - Duration: 0.001703s
2025-04-27 07:40:04,041 - TrackerServer - INFO - File advertisement request from peer b61b6f63-bef1-40e3-affd-b54d5b14fa35
2025-04-27 07:40:04,041 - TrackerServer - INFO - Files advertised by peer b61b6f63-bef1-40e3-affd-b54d5b14fa35: ['CN LAB.docx']
2025-04-27 07:40:04,041 - TrackerServer - DEBUG - New files added: {'CN LAB.docx'}
2025-04-27 07:40:04,042 - TrackerServer - INFO - Request: POST /advertise_file - Status: 200 - Duration: 0.002062s
2025-04-27 07:40:06,348 - TrackerServer - INFO - Listing all peers
2025-04-27 07:40:06,349 - TrackerServer - INFO - Found 7 active peers
2025-04-27 07:40:06,350 - TrackerServer - INFO - Request: GET /list_peers - Status: 200 - Duration: 0.001551s
2025-04-27 07:40:08,396 - TrackerServer - INFO - Listing all peers
2025-04-27 07:40:08,397 - TrackerServer - INFO - Found 7 active peers
2025-04-27 07:40:08,399 - TrackerServer - INFO - Request: GET /list_peers - Status: 200 - Duration: 0.003972s
2025-04-27 07:40:11,651 - TrackerServer - INFO - Listing all peers
2025-04-27 07:40:11,652 - TrackerServer - INFO - Found 7 active peers
2025-04-27 07:40:11,652 - TrackerServer - INFO - Request: GET /list_peers - Status: 200 - Duration: 0.001503s
2025-04-27 07:40:16,525 - TrackerServer - INFO - Listing all peers
2025-04-27 07:40:16,525 - TrackerServer - INFO - Found 7 active peers
2025-04-27 07:40:16,526 - TrackerServer - INFO - Request: GET /list_peers - Status: 200 - Duration: 0.001535s
2025-04-27 07:40:21,558 - TrackerServer - INFO - Listing all peers
2025-04-27 07:40:21,558 - TrackerServer - INFO - Found 7 active peers
2025-04-27 07:40:21,559 - TrackerServer - INFO - Request: GET /list_peers - Status: 200 - Duration: 0.001542s
2025-04-27 07:40:26,568 - TrackerServer - INFO - Listing all peers
2025-04-27 07:40:26,568 - TrackerServer - INFO - Found 7 active peers
2025-04-27 07:40:26,569 - TrackerServer - INFO - Request: GET /list_peers - Status: 200 - Duration: 0.001801s
2025-04-27 07:40:31,546 - TrackerServer - INFO - Listing all peers
2025-04-27 07:40:31,546 - TrackerServer - INFO - Found 7 active peers
2025-04-27 07:40:31,547 - TrackerServer - INFO - Request: GET /list_peers - Status: 200 - Duration: 0.001565s
2025-04-27 07:40:36,532 - TrackerServer - INFO - Listing all peers
2025-04-27 07:40:36,533 - TrackerServer - INFO - Found 7 active peers
2025-04-27 07:40:36,534 - TrackerServer - INFO - Request: GET /list_peers - Status: 200 - Duration: 0.002955s
2025-04-27 07:40:41,542 - TrackerServer - INFO - Listing all peers
2025-04-27 07:40:41,543 - TrackerServer - INFO - Found 7 active peers
2025-04-27 07:40:41,544 - TrackerServer - INFO - Request: GET /list_peers - Status: 200 - Duration: 0.001476s
2025-04-27 07:40:46,559 - TrackerServer - INFO - Listing all peers
2025-04-27 07:40:46,560 - TrackerServer - INFO - Found 7 active peers
2025-04-27 07:40:46,561 - TrackerServer - INFO - Request: GET /list_peers - Status: 200 - Duration: 0.001579s
2025-04-27 07:40:51,551 - TrackerServer - INFO - Listing all peers
2025-04-27 07:40:51,552 - TrackerServer - INFO - Found 7 active peers
2025-04-27 07:40:51,553 - TrackerServer - INFO - Request: GET /list_peers - Status: 200 - Duration: 0.001535s
2025-04-27 07:40:56,532 - TrackerServer - INFO - Listing all peers
2025-04-27 07:40:56,533 - TrackerServer - INFO - Found 7 active peers
2025-04-27 07:40:56,534 - TrackerServer - INFO - Request: GET /list_peers - Status: 200 - Duration: 0.002558s
2025-04-27 07:41:01,548 - TrackerServer - INFO - Listing all peers
2025-04-27 07:41:01,548 - TrackerServer - INFO - Found 7 active peers
2025-04-27 07:41:01,549 - TrackerServer - INFO - Request: GET /list_peers - Status: 200 - Duration: 0.00159s
2025-04-27 07:41:06,531 - TrackerServer - INFO - Listing all peers
2025-04-27 07:41:06,531 - TrackerServer - INFO - Found 7 active peers
2025-04-27 07:41:06,532 - TrackerServer - INFO - Request: GET /list_peers - Status: 200 - Duration: 0.001587s
2025-04-27 07:41:11,542 - TrackerServer - INFO - Listing all peers
2025-04-27 07:41:11,543 - TrackerServer - INFO - Found 7 active peers
2025-04-27 07:41:11,545 - TrackerServer - INFO - Request: GET /list_peers - Status: 200 - Duration: 0.003027s
2025-04-27 07:41:16,539 - TrackerServer - INFO - Listing all peers
2025-04-27 07:41:16,539 - TrackerServer - INFO - Found 7 active peers
2025-04-27 07:41:16,540 - TrackerServer - INFO - Request: GET /list_peers - Status: 200 - Duration: 0.001501s
2025-04-27 07:41:21,530 - TrackerServer - INFO - Listing all peers
2025-04-27 07:41:21,530 - TrackerServer - INFO - Found 7 active peers
2025-04-27 07:41:21,531 - TrackerServer - INFO - Request: GET /list_peers - Status: 200 - Duration: 0.001506s
2025-04-27 07:41:26,538 - TrackerServer - INFO - Listing all peers
2025-04-27 07:41:26,539 - TrackerServer - INFO - Found 7 active peers
2025-04-27 07:41:26,540 - TrackerServer - INFO - Request: GET /list_peers - Status: 200 - Duration: 0.002279s
2025-04-27 07:41:31,537 - TrackerServer - INFO - Listing all peers
2025-04-27 07:41:31,537 - TrackerServer - INFO - Found 7 active peers
2025-04-27 07:41:31,538 - TrackerServer - INFO - Request: GET /list_peers - Status: 200 - Duration: 0.001519s
2025-04-27 07:41:36,547 - TrackerServer - INFO - Listing all peers
2025-04-27 07:41:36,547 - TrackerServer - INFO - Found 7 active peers
2025-04-27 07:41:36,548 - TrackerServer - INFO - Request: GET /list_peers - Status: 200 - Duration: 0.001537s
2025-04-27 07:41:41,535 - TrackerServer - INFO - Listing all peers
2025-04-27 07:41:41,535 - TrackerServer - INFO - Found 7 active peers
2025-04-27 07:41:41,536 - TrackerServer - INFO - Request: GET /list_peers - Status: 200 - Duration: 0.001542s
2025-04-27 07:41:46,549 - TrackerServer - INFO - Listing all peers
2025-04-27 07:41:46,549 - TrackerServer - INFO - Found 7 active peers
2025-04-27 07:41:46,550 - TrackerServer - INFO - Request: GET /list_peers - Status: 200 - Duration: 0.001458s
2025-04-27 07:41:51,527 - TrackerServer - INFO - Listing all peers
2025-04-27 07:41:51,527 - TrackerServer - INFO - Found 7 active peers
2025-04-27 07:41:51,528 - TrackerServer - INFO - Request: GET /list_peers - Status: 200 - Duration: 0.001795s
2025-04-27 07:41:56,558 - TrackerServer - INFO - Listing all peers
2025-04-27 07:41:56,559 - TrackerServer - INFO - Found 7 active peers
2025-04-27 07:41:56,559 - TrackerServer - INFO - Request: GET /list_peers - Status: 200 - Duration: 0.001494s
2025-04-27 07:42:01,530 - TrackerServer - INFO - Listing all peers
2025-04-27 07:42:01,532 - TrackerServer - INFO - Found 7 active peers
2025-04-27 07:42:01,533 - TrackerServer - INFO - Request: GET /list_peers - Status: 200 - Duration: 0.002769s
2025-04-27 07:42:06,534 - TrackerServer - INFO - Listing all peers
2025-04-27 07:42:06,534 - TrackerServer - INFO - Found 7 active peers
2025-04-27 07:42:06,535 - TrackerServer - INFO - Request: GET /list_peers - Status: 200 - Duration: 0.001509s
2025-04-27 07:42:11,542 - TrackerServer - INFO - Listing all peers
2025-04-27 07:42:11,542 - TrackerServer - INFO - Found 7 active peers
2025-04-27 07:42:11,543 - TrackerServer - INFO - Request: GET /list_peers - Status: 200 - Duration: 0.001661s
2025-04-27 07:42:16,542 - TrackerServer - INFO - Listing all peers
2025-04-27 07:42:16,542 - TrackerServer - INFO - Found 7 active peers
2025-04-27 07:42:16,543 - TrackerServer - INFO - Request: GET /list_peers - Status: 200 - Duration: 0.001471s
2025-04-27 07:42:21,531 - TrackerServer - INFO - Listing all peers
2025-04-27 07:42:21,532 - TrackerServer - INFO - Found 7 active peers
2025-04-27 07:42:21,533 - TrackerServer - INFO - Request: GET /list_peers - Status: 200 - Duration: 0.002119s
2025-04-27 07:42:26,521 - TrackerServer - INFO - Listing all peers
2025-04-27 07:42:26,521 - TrackerServer - INFO - Found 7 active peers
2025-04-27 07:42:26,522 - TrackerServer - INFO - Request: GET /list_peers - Status: 200 - Duration: 0.001568s
2025-04-27 07:42:31,535 - TrackerServer - INFO - Listing all peers
2025-04-27 07:42:31,535 - TrackerServer - INFO - Found 7 active peers
2025-04-27 07:42:31,536 - TrackerServer - INFO - Request: GET /list_peers - Status: 200 - Duration: 0.001542s
2025-04-27 07:42:37,739 - TrackerServer - INFO - Listing all peers
2025-04-27 07:42:37,739 - TrackerServer - INFO - Found 7 active peers
2025-04-27 07:42:37,740 - TrackerServer - INFO - Request: GET /list_peers - Status: 200 - Duration: 0.001619s
2025-04-27 07:42:43,732 - TrackerServer - INFO - Listing all peers
2025-04-27 07:42:43,733 - TrackerServer - INFO - Found 7 active peers
2025-04-27 07:42:43,735 - TrackerServer - INFO - Request: GET /list_peers - Status: 200 - Duration: 0.00291s
2025-04-27 07:42:46,823 - TrackerServer - INFO - Listing all peers
2025-04-27 07:42:46,823 - TrackerServer - INFO - Found 7 active peers
2025-04-27 07:42:46,824 - TrackerServer - INFO - Request: GET /list_peers - Status: 200 - Duration: 0.001582s
2025-04-27 07:42:51,540 - TrackerServer - INFO - Listing all peers
2025-04-27 07:42:51,540 - TrackerServer - INFO - Found 7 active peers
2025-04-27 07:42:51,541 - TrackerServer - INFO - Request: GET /list_peers - Status: 200 - Duration: 0.001534s
2025-04-27 07:43:01,583 - TrackerServer - INFO - Listing all peers
2025-04-27 07:43:01,585 - TrackerServer - INFO - Found 7 active peers
2025-04-27 07:43:01,586 - TrackerServer - INFO - Request: GET /list_peers - Status: 200 - Duration: 0.00639s
2025-04-27 07:43:03,701 - TrackerServer - INFO - Listing all peers
2025-04-27 07:43:03,702 - TrackerServer - INFO - Found 7 active peers
2025-04-27 07:43:03,703 - TrackerServer - INFO - Request: GET /list_peers - Status: 200 - Duration: 0.001434s
2025-04-27 07:43:08,505 - TrackerServer - INFO - Attempting to register peer with IP: 127.0.0.1, Port: 3500
2025-04-27 07:43:08,506 - TrackerServer - INFO - Peer registered successfully: 26a3cf16-72aa-403c-a8a2-62f981825b10
2025-04-27 07:43:08,506 - TrackerServer - INFO - Request: POST /register_peer - Status: 200 - Duration: 0.001797s
2025-04-27 07:43:10,559 - TrackerServer - INFO - Listing all peers
2025-04-27 07:43:10,560 - TrackerServer - INFO - Found 8 active peers
2025-04-27 07:43:10,561 - TrackerServer - INFO - Request: GET /list_peers - Status: 200 - Duration: 0.001918s
2025-04-27 07:43:15,568 - TrackerServer - INFO - Listing all peers
2025-04-27 07:43:15,568 - TrackerServer - INFO - Found 8 active peers
2025-04-27 07:43:15,569 - TrackerServer - INFO - Request: GET /list_peers - Status: 200 - Duration: 0.001598s
2025-04-27 07:43:20,576 - TrackerServer - INFO - Listing all peers
2025-04-27 07:43:20,577 - TrackerServer - INFO - Found 8 active peers
2025-04-27 07:43:20,578 - TrackerServer - INFO - Request: GET /list_peers - Status: 200 - Duration: 0.002006s
2025-04-27 07:43:25,583 - TrackerServer - INFO - Listing all peers
2025-04-27 07:43:25,583 - TrackerServer - INFO - Found 8 active peers
2025-04-27 07:43:25,584 - TrackerServer - INFO - Request: GET /list_peers - Status: 200 - Duration: 0.001621s
2025-04-27 07:43:30,568 - TrackerServer - INFO - Listing all peers
2025-04-27 07:43:30,569 - TrackerServer - INFO - Found 8 active peers
2025-04-27 07:43:30,570 - TrackerServer - INFO - Request: GET /list_peers - Status: 200 - Duration: 0.001521s
2025-04-27 07:43:35,561 - TrackerServer - INFO - Listing all peers
2025-04-27 07:43:35,561 - TrackerServer - INFO - Found 8 active peers
2025-04-27 07:43:35,562 - TrackerServer - INFO - Request: GET /list_peers - Status: 200 - Duration: 0.00214s
2025-04-27 07:43:40,582 - TrackerServer - INFO - Listing all peers
2025-04-27 07:43:40,582 - TrackerServer - INFO - Found 8 active peers
2025-04-27 07:43:40,583 - TrackerServer - INFO - Request: GET /list_peers - Status: 200 - Duration: 0.002331s
2025-04-27 07:43:45,584 - TrackerServer - INFO - Listing all peers
2025-04-27 07:43:45,585 - TrackerServer - INFO - Found 8 active peers
2025-04-27 07:43:45,585 - TrackerServer - INFO - Request: GET /list_peers - Status: 200 - Duration: 0.001539s
2025-04-27 07:43:50,553 - TrackerServer - INFO - Listing all peers
2025-04-27 07:43:50,554 - TrackerServer - INFO - Found 8 active peers
2025-04-27 07:43:50,554 - TrackerServer - INFO - Request: GET /list_peers - Status: 200 - Duration: 0.001464s
2025-04-27 07:43:55,576 - TrackerServer - INFO - Listing all peers
2025-04-27 07:43:55,577 - TrackerServer - INFO - Found 8 active peers
2025-04-27 07:43:55,578 - TrackerServer - INFO - Request: GET /list_peers - Status: 200 - Duration: 0.001668s
2025-04-27 07:44:00,569 - TrackerServer - INFO - Listing all peers
2025-04-27 07:44:00,570 - TrackerServer - INFO - Found 8 active peers
2025-04-27 07:44:00,571 - TrackerServer - INFO - Request: GET /list_peers - Status: 200 - Duration: 0.002607s
2025-04-27 07:44:05,606 - TrackerServer - INFO - Listing all peers
2025-04-27 07:44:05,606 - TrackerServer - INFO - Found 8 active peers
2025-04-27 07:44:05,607 - TrackerServer - INFO - Request: GET /list_peers - Status: 200 - Duration: 0.002199s
2025-04-27 07:44:10,582 - TrackerServer - INFO - Listing all peers
2025-04-27 07:44:10,583 - TrackerServer - INFO - Found 8 active peers
2025-04-27 07:44:10,584 - TrackerServer - INFO - Request: GET /list_peers - Status: 200 - Duration: 0.001506s
2025-04-27 07:44:15,572 - TrackerServer - INFO - Listing all peers
2025-04-27 07:44:15,573 - TrackerServer - INFO - Found 8 active peers
2025-04-27 07:44:15,573 - TrackerServer - INFO - Request: GET /list_peers - Status: 200 - Duration: 0.001461s
2025-04-27 07:44:20,551 - TrackerServer - INFO - Listing all peers
2025-04-27 07:44:20,552 - TrackerServer - INFO - Found 8 active peers
2025-04-27 07:44:20,553 - TrackerServer - INFO - Request: GET /list_peers - Status: 200 - Duration: 0.001543s
2025-04-27 07:44:25,569 - TrackerServer - INFO - Listing all peers
2025-04-27 07:44:25,570 - TrackerServer - INFO - Found 8 active peers
2025-04-27 07:44:25,571 - TrackerServer - INFO - Request: GET /list_peers - Status: 200 - Duration: 0.001551s
2025-04-27 07:44:30,575 - TrackerServer - INFO - Listing all peers
2025-04-27 07:44:30,578 - TrackerServer - INFO - Found 8 active peers
2025-04-27 07:44:30,579 - TrackerServer - INFO - Request: GET /list_peers - Status: 200 - Duration: 0.004791s
2025-04-27 07:44:35,563 - TrackerServer - INFO - Listing all peers
2025-04-27 07:44:35,564 - TrackerServer - INFO - Found 8 active peers
2025-04-27 07:44:35,565 - TrackerServer - INFO - Request: GET /list_peers - Status: 200 - Duration: 0.001576s
2025-04-27 07:44:40,568 - TrackerServer - INFO - Listing all peers
2025-04-27 07:44:40,569 - TrackerServer - INFO - Found 8 active peers
2025-04-27 07:44:40,570 - TrackerServer - INFO - Request: GET /list_peers - Status: 200 - Duration: 0.001529s
2025-04-27 07:44:45,578 - TrackerServer - INFO - Listing all peers
2025-04-27 07:44:45,579 - TrackerServer - INFO - Found 8 active peers
2025-04-27 07:44:45,580 - TrackerServer - INFO - Request: GET /list_peers - Status: 200 - Duration: 0.001614s
2025-04-27 07:44:50,581 - TrackerServer - INFO - Listing all peers
2025-04-27 07:44:50,582 - TrackerServer - INFO - Found 8 active peers
2025-04-27 07:44:50,582 - TrackerServer - INFO - Request: GET /list_peers - Status: 200 - Duration: 0.001497s
2025-04-27 07:44:55,580 - TrackerServer - INFO - Listing all peers
2025-04-27 07:44:55,581 - TrackerServer - INFO - Found 8 active peers
2025-04-27 07:44:55,582 - TrackerServer - INFO - Request: GET /list_peers - Status: 200 - Duration: 0.001565s
2025-04-27 07:45:00,563 - TrackerServer - INFO - Listing all peers
2025-04-27 07:45:00,564 - TrackerServer - INFO - Found 8 active peers
2025-04-27 07:45:00,565 - TrackerServer - INFO - Request: GET /list_peers - Status: 200 - Duration: 0.00159s
2025-04-27 07:45:05,576 - TrackerServer - INFO - Listing all peers
2025-04-27 07:45:05,577 - TrackerServer - INFO - Found 8 active peers
2025-04-27 07:45:05,578 - TrackerServer - INFO - Request: GET /list_peers - Status: 200 - Duration: 0.001654s
2025-04-27 07:45:10,569 - TrackerServer - INFO - Listing all peers
2025-04-27 07:45:10,570 - TrackerServer - INFO - Found 8 active peers
2025-04-27 07:45:10,571 - TrackerServer - INFO - Request: GET /list_peers - Status: 200 - Duration: 0.00151s
2025-04-27 07:45:15,567 - TrackerServer - INFO - Listing all peers
2025-04-27 07:45:15,568 - TrackerServer - INFO - Found 8 active peers
2025-04-27 07:45:15,569 - TrackerServer - INFO - Request: GET /list_peers - Status: 200 - Duration: 0.001523s
2025-04-27 07:45:20,568 - TrackerServer - INFO - Listing all peers
2025-04-27 07:45:20,570 - TrackerServer - INFO - Found 8 active peers
2025-04-27 07:45:20,571 - TrackerServer - INFO - Request: GET /list_peers - Status: 200 - Duration: 0.003146s
2025-04-27 07:45:25,567 - TrackerServer - INFO - Listing all peers
2025-04-27 07:45:25,570 - TrackerServer - INFO - Found 8 active peers
2025-04-27 07:45:25,571 - TrackerServer - INFO - Request: GET /list_peers - Status: 200 - Duration: 0.003615s
2025-04-27 07:45:30,571 - TrackerServer - INFO - Listing all peers
2025-04-27 07:45:30,572 - TrackerServer - INFO - Found 8 active peers
2025-04-27 07:45:30,572 - TrackerServer - INFO - Request: GET /list_peers - Status: 200 - Duration: 0.001538s
2025-04-27 07:45:35,555 - TrackerServer - INFO - Listing all peers
2025-04-27 07:45:35,556 - TrackerServer - INFO - Found 8 active peers
2025-04-27 07:45:35,557 - TrackerServer - INFO - Request: GET /list_peers - Status: 200 - Duration: 0.001799s
2025-04-27 07:45:40,581 - TrackerServer - INFO - Listing all peers
2025-04-27 07:45:40,584 - TrackerServer - INFO - Found 8 active peers
2025-04-27 07:45:40,625 - TrackerServer - INFO - Request: GET /list_peers - Status: 200 - Duration: 0.048859s
2025-04-27 07:45:45,573 - TrackerServer - INFO - Listing all peers
2025-04-27 07:45:45,574 - TrackerServer - INFO - Found 8 active peers
2025-04-27 07:45:45,575 - TrackerServer - INFO - Request: GET /list_peers - Status: 200 - Duration: 0.001527s
2025-04-27 07:45:50,604 - TrackerServer - INFO - Listing all peers
2025-04-27 07:45:50,605 - TrackerServer - INFO - Found 8 active peers
2025-04-27 07:45:50,606 - TrackerServer - INFO - Request: GET /list_peers - Status: 200 - Duration: 0.001656s
2025-04-27 07:45:55,549 - TrackerServer - INFO - Listing all peers
2025-04-27 07:45:55,549 - TrackerServer - INFO - Found 8 active peers
2025-04-27 07:45:55,550 - TrackerServer - INFO - Request: GET /list_peers - Status: 200 - Duration: 0.001567s
2025-04-27 07:46:00,554 - TrackerServer - INFO - Listing all peers
2025-04-27 07:46:00,555 - TrackerServer - INFO - Found 8 active peers
2025-04-27 07:46:00,556 - TrackerServer - INFO - Request: GET /list_peers - Status: 200 - Duration: 0.001558s
2025-04-27 07:46:05,546 - TrackerServer - INFO - Listing all peers
2025-04-27 07:46:05,547 - TrackerServer - INFO - Found 8 active peers
2025-04-27 07:46:05,558 - TrackerServer - INFO - Request: GET /list_peers - Status: 200 - Duration: 0.012806s
2025-04-27 07:46:10,573 - TrackerServer - INFO - Listing all peers
2025-04-27 07:46:10,574 - TrackerServer - INFO - Found 8 active peers
2025-04-27 07:46:10,575 - TrackerServer - INFO - Request: GET /list_peers - Status: 200 - Duration: 0.001752s
2025-04-27 07:46:15,562 - TrackerServer - INFO - Listing all peers
2025-04-27 07:46:15,562 - TrackerServer - INFO - Found 8 active peers
2025-04-27 07:46:15,563 - TrackerServer - INFO - Request: GET /list_peers - Status: 200 - Duration: 0.001646s
2025-04-27 07:46:20,596 - TrackerServer - INFO - Listing all peers
2025-04-27 07:46:20,596 - TrackerServer - INFO - Found 8 active peers
2025-04-27 07:46:20,597 - TrackerServer - INFO - Request: GET /list_peers - Status: 200 - Duration: 0.001842s
2025-04-27 07:46:25,573 - TrackerServer - INFO - Listing all peers
2025-04-27 07:46:25,574 - TrackerServer - INFO - Found 8 active peers
2025-04-27 07:46:25,575 - TrackerServer - INFO - Request: GET /list_peers - Status: 200 - Duration: 0.001777s
2025-04-27 07:46:30,569 - TrackerServer - INFO - Listing all peers
2025-04-27 07:46:30,570 - TrackerServer - INFO - Found 8 active peers
2025-04-27 07:46:30,571 - TrackerServer - INFO - Request: GET /list_peers - Status: 200 - Duration: 0.001549s
2025-04-27 07:46:35,569 - TrackerServer - INFO - Listing all peers
2025-04-27 07:46:35,570 - TrackerServer - INFO - Found 8 active peers
2025-04-27 07:46:35,571 - TrackerServer - INFO - Request: GET /list_peers - Status: 200 - Duration: 0.001576s
2025-04-27 07:46:51,516 - TrackerServer - INFO - Attempting to register peer with IP: 127.0.0.1, Port: 3500
2025-04-27 07:46:51,516 - TrackerServer - INFO - Peer registered successfully: 7a26f6a5-7c60-4eaf-8e6e-451dd85505af
2025-04-27 07:46:51,517 - TrackerServer - INFO - Request: POST /register_peer - Status: 200 - Duration: 0.001932s
2025-04-27 07:46:53,564 - TrackerServer - INFO - Listing all peers
2025-04-27 07:46:53,564 - TrackerServer - INFO - Found 9 active peers
2025-04-27 07:46:53,565 - TrackerServer - INFO - Request: GET /list_peers - Status: 200 - Duration: 0.001564s
2025-04-27 07:46:58,576 - TrackerServer - INFO - Listing all peers
2025-04-27 07:46:58,577 - TrackerServer - INFO - Found 9 active peers
2025-04-27 07:46:58,578 - TrackerServer - INFO - Request: GET /list_peers - Status: 200 - Duration: 0.001541s
2025-04-27 07:47:03,583 - TrackerServer - INFO - Listing all peers
2025-04-27 07:47:03,583 - TrackerServer - INFO - Found 9 active peers
2025-04-27 07:47:03,584 - TrackerServer - INFO - Request: GET /list_peers - Status: 200 - Duration: 0.001692s
2025-04-27 07:47:08,585 - TrackerServer - INFO - Listing all peers
2025-04-27 07:47:08,585 - TrackerServer - INFO - Found 9 active peers
2025-04-27 07:47:08,586 - TrackerServer - INFO - Request: GET /list_peers - Status: 200 - Duration: 0.001521s
2025-04-27 07:47:13,581 - TrackerServer - INFO - Listing all peers
2025-04-27 07:47:13,582 - TrackerServer - INFO - Found 9 active peers
2025-04-27 07:47:13,583 - TrackerServer - INFO - Request: GET /list_peers - Status: 200 - Duration: 0.001477s
2025-04-27 07:47:18,566 - TrackerServer - INFO - Listing all peers
2025-04-27 07:47:18,567 - TrackerServer - INFO - Found 9 active peers
2025-04-27 07:47:18,568 - TrackerServer - INFO - Request: GET /list_peers - Status: 200 - Duration: 0.001538s
2025-04-27 07:47:23,571 - TrackerServer - INFO - Listing all peers
2025-04-27 07:47:23,572 - TrackerServer - INFO - Found 9 active peers
2025-04-27 07:47:23,573 - TrackerServer - INFO - Request: GET /list_peers - Status: 200 - Duration: 0.001579s
2025-04-27 07:47:28,571 - TrackerServer - INFO - Listing all peers
2025-04-27 07:47:28,572 - TrackerServer - INFO - Found 9 active peers
2025-04-27 07:47:28,573 - TrackerServer - INFO - Request: GET /list_peers - Status: 200 - Duration: 0.001731s
2025-04-27 07:47:33,583 - TrackerServer - INFO - Listing all peers
2025-04-27 07:47:33,583 - TrackerServer - INFO - Found 9 active peers
2025-04-27 07:47:33,584 - TrackerServer - INFO - Request: GET /list_peers - Status: 200 - Duration: 0.00161s
2025-04-27 07:47:38,593 - TrackerServer - INFO - Listing all peers
2025-04-27 07:47:38,593 - TrackerServer - INFO - Found 9 active peers
2025-04-27 07:47:38,594 - TrackerServer - INFO - Request: GET /list_peers - Status: 200 - Duration: 0.001649s
2025-04-27 07:47:43,606 - TrackerServer - INFO - Listing all peers
2025-04-27 07:47:43,607 - TrackerServer - INFO - Found 9 active peers
2025-04-27 07:47:43,608 - TrackerServer - INFO - Request: GET /list_peers - Status: 200 - Duration: 0.001595s
2025-04-27 07:47:45,658 - TrackerServer - INFO - Listing all peers
2025-04-27 07:47:45,659 - TrackerServer - INFO - Found 9 active peers
2025-04-27 07:47:45,660 - TrackerServer - INFO - Request: GET /list_peers - Status: 200 - Duration: 0.00166s
2025-04-27 07:47:47,718 - TrackerServer - INFO - Attempting to register peer with IP: 127.0.0.1, Port: 3500
2025-04-27 07:47:47,718 - TrackerServer - INFO - Peer registered successfully: 201594aa-fe60-454c-8bb3-56260a8491f5
2025-04-27 07:47:47,719 - TrackerServer - INFO - Request: POST /register_peer - Status: 200 - Duration: 0.001754s
2025-04-27 07:47:49,777 - TrackerServer - INFO - Listing all peers
2025-04-27 07:47:49,778 - TrackerServer - INFO - Found 10 active peers
2025-04-27 07:47:49,779 - TrackerServer - INFO - Request: GET /list_peers - Status: 200 - Duration: 0.001625s
2025-04-27 07:47:54,777 - TrackerServer - INFO - Listing all peers
2025-04-27 07:47:54,778 - TrackerServer - INFO - Found 10 active peers
2025-04-27 07:47:54,779 - TrackerServer - INFO - Request: GET /list_peers - Status: 200 - Duration: 0.00175s
2025-04-27 07:47:59,774 - TrackerServer - INFO - Listing all peers
2025-04-27 07:47:59,775 - TrackerServer - INFO - Found 10 active peers
2025-04-27 07:47:59,776 - TrackerServer - INFO - Request: GET /list_peers - Status: 200 - Duration: 0.002827s
2025-04-27 07:48:04,847 - TrackerServer - INFO - Listing all peers
2025-04-27 07:48:04,848 - TrackerServer - INFO - Found 10 active peers
2025-04-27 07:48:04,849 - TrackerServer - INFO - Request: GET /list_peers - Status: 200 - Duration: 0.001645s
2025-04-27 07:48:09,791 - TrackerServer - INFO - Listing all peers
2025-04-27 07:48:09,792 - TrackerServer - INFO - Found 10 active peers
2025-04-27 07:48:09,793 - TrackerServer - INFO - Request: GET /list_peers - Status: 200 - Duration: 0.002711s
2025-04-27 07:48:14,780 - TrackerServer - INFO - Listing all peers
2025-04-27 07:48:14,781 - TrackerServer - INFO - Found 10 active peers
2025-04-27 07:48:14,782 - TrackerServer - INFO - Request: GET /list_peers - Status: 200 - Duration: 0.001755s
2025-04-27 07:48:19,772 - TrackerServer - INFO - Listing all peers
2025-04-27 07:48:19,772 - TrackerServer - INFO - Found 10 active peers
2025-04-27 07:48:19,774 - TrackerServer - INFO - Request: GET /list_peers - Status: 200 - Duration: 0.002596s
2025-04-27 07:48:30,684 - TrackerServer - INFO - Listing all peers
2025-04-27 07:48:30,684 - TrackerServer - INFO - Found 10 active peers
2025-04-27 07:48:30,685 - TrackerServer - INFO - Request: GET /list_peers - Status: 200 - Duration: 0.001611s
2025-04-27 07:48:38,390 - TrackerServer - INFO - Attempting to register peer with IP: 127.0.0.1, Port: 3500
2025-04-27 07:48:38,390 - TrackerServer - INFO - Peer registered successfully: 50c647bc-10a9-474e-8e73-e18c7b0a0efd
2025-04-27 07:48:38,391 - TrackerServer - INFO - Request: POST /register_peer - Status: 200 - Duration: 0.001857s
2025-04-27 07:48:40,443 - TrackerServer - INFO - Listing all peers
2025-04-27 07:48:40,444 - TrackerServer - INFO - Found 11 active peers
2025-04-27 07:48:40,445 - TrackerServer - INFO - Request: GET /list_peers - Status: 200 - Duration: 0.001898s
2025-04-27 07:48:45,444 - TrackerServer - INFO - Listing all peers
2025-04-27 07:48:45,445 - TrackerServer - INFO - Found 11 active peers
2025-04-27 07:48:45,446 - TrackerServer - INFO - Request: GET /list_peers - Status: 200 - Duration: 0.001644s
2025-04-27 07:48:50,433 - TrackerServer - INFO - Listing all peers
2025-04-27 07:48:50,434 - TrackerServer - INFO - Found 11 active peers
2025-04-27 07:48:50,435 - TrackerServer - INFO - Request: GET /list_peers - Status: 200 - Duration: 0.001878s
2025-04-27 07:48:55,454 - TrackerServer - INFO - Listing all peers
2025-04-27 07:48:55,455 - TrackerServer - INFO - Found 11 active peers
2025-04-27 07:48:55,456 - TrackerServer - INFO - Request: GET /list_peers - Status: 200 - Duration: 0.001496s
2025-04-27 07:49:00,445 - TrackerServer - INFO - Listing all peers
2025-04-27 07:49:00,445 - TrackerServer - INFO - Found 11 active peers
2025-04-27 07:49:00,446 - TrackerServer - INFO - Request: GET /list_peers - Status: 200 - Duration: 0.001811s
2025-04-27 07:49:05,466 - TrackerServer - INFO - Listing all peers
2025-04-27 07:49:05,466 - TrackerServer - INFO - Found 11 active peers
2025-04-27 07:49:05,467 - TrackerServer - INFO - Request: GET /list_peers - Status: 200 - Duration: 0.001956s
2025-04-27 07:49:10,450 - TrackerServer - INFO - Listing all peers
2025-04-27 07:49:10,450 - TrackerServer - INFO - Found 11 active peers
2025-04-27 07:49:10,451 - TrackerServer - INFO - Request: GET /list_peers - Status: 200 - Duration: 0.002146s
2025-04-27 07:49:15,440 - TrackerServer - INFO - Listing all peers
2025-04-27 07:49:15,441 - TrackerServer - INFO - Found 11 active peers
2025-04-27 07:49:15,442 - TrackerServer - INFO - Request: GET /list_peers - Status: 200 - Duration: 0.001625s
2025-04-27 07:49:20,451 - TrackerServer - INFO - Listing all peers
2025-04-27 07:49:20,452 - TrackerServer - INFO - Found 11 active peers
2025-04-27 07:49:20,467 - TrackerServer - INFO - Request: GET /list_peers - Status: 200 - Duration: 0.016194s
2025-04-27 07:49:25,434 - TrackerServer - INFO - Listing all peers
2025-04-27 07:49:25,434 - TrackerServer - INFO - Found 11 active peers
2025-04-27 07:49:25,435 - TrackerServer - INFO - Request: GET /list_peers - Status: 200 - Duration: 0.001518s
2025-04-27 07:49:31,848 - TrackerServer - INFO - Listing all peers
2025-04-27 07:49:31,849 - TrackerServer - INFO - Found 11 active peers
2025-04-27 07:49:31,850 - TrackerServer - INFO - Request: GET /list_peers - Status: 200 - Duration: 0.001496s
2025-04-27 07:49:35,442 - TrackerServer - INFO - Listing all peers
2025-04-27 07:49:35,442 - TrackerServer - INFO - Found 11 active peers
2025-04-27 07:49:35,443 - TrackerServer - INFO - Request: GET /list_peers - Status: 200 - Duration: 0.001664s
2025-04-27 07:50:15,468 - TrackerServer - INFO - Listing all peers
2025-04-27 07:50:15,469 - TrackerServer - INFO - Found 11 active peers
2025-04-27 07:50:15,470 - TrackerServer - INFO - Request: GET /list_peers - Status: 200 - Duration: 0.001948s
2025-04-27 07:50:17,514 - TrackerServer - INFO - Listing all peers
2025-04-27 07:50:17,514 - TrackerServer - INFO - Found 11 active peers
2025-04-27 07:50:17,515 - TrackerServer - INFO - Request: GET /list_peers - Status: 200 - Duration: 0.001722s
2025-04-27 07:50:41,195 - TrackerServer - INFO - Attempting to register peer with IP: 127.0.0.1, Port: 3500
2025-04-27 07:50:41,197 - TrackerServer - INFO - Peer registered successfully: 55a48043-f55a-4afb-a52f-1e008900b3fe
2025-04-27 07:50:41,197 - TrackerServer - INFO - Request: POST /register_peer - Status: 200 - Duration: 0.003145s
2025-04-27 07:50:43,262 - TrackerServer - INFO - Listing all peers
2025-04-27 07:50:43,263 - TrackerServer - INFO - Found 12 active peers
2025-04-27 07:50:43,264 - TrackerServer - INFO - Request: GET /list_peers - Status: 200 - Duration: 0.002106s
2025-04-27 07:50:48,244 - TrackerServer - INFO - Listing all peers
2025-04-27 07:50:48,244 - TrackerServer - INFO - Found 12 active peers
2025-04-27 07:50:48,245 - TrackerServer - INFO - Request: GET /list_peers - Status: 200 - Duration: 0.0019s
2025-04-27 07:50:53,262 - TrackerServer - INFO - Listing all peers
2025-04-27 07:50:53,263 - TrackerServer - INFO - Found 12 active peers
2025-04-27 07:50:53,265 - TrackerServer - INFO - Request: GET /list_peers - Status: 200 - Duration: 0.00422s
2025-04-27 07:50:58,265 - TrackerServer - INFO - Listing all peers
2025-04-27 07:50:58,265 - TrackerServer - INFO - Found 12 active peers
2025-04-27 07:50:58,266 - TrackerServer - INFO - Request: GET /list_peers - Status: 200 - Duration: 0.001663s
2025-04-27 07:51:03,265 - TrackerServer - INFO - Listing all peers
2025-04-27 07:51:03,265 - TrackerServer - INFO - Found 12 active peers
2025-04-27 07:51:03,266 - TrackerServer - INFO - Request: GET /list_peers - Status: 200 - Duration: 0.001672s
2025-04-27 07:51:08,268 - TrackerServer - INFO - Listing all peers
2025-04-27 07:51:08,269 - TrackerServer - INFO - Found 12 active peers
2025-04-27 07:51:08,270 - TrackerServer - INFO - Request: GET /list_peers - Status: 200 - Duration: 0.001515s
2025-04-27 07:51:13,258 - TrackerServer - INFO - Listing all peers
2025-04-27 07:51:13,258 - TrackerServer - INFO - Found 12 active peers
2025-04-27 07:51:13,259 - TrackerServer - INFO - Request: GET /list_peers - Status: 200 - Duration: 0.001601s
2025-04-27 07:51:18,274 - TrackerServer - INFO - Listing all peers
2025-04-27 07:51:18,275 - TrackerServer - INFO - Found 12 active peers
2025-04-27 07:51:18,276 - TrackerServer - INFO - Request: GET /list_peers - Status: 200 - Duration: 0.00162s
2025-04-27 07:51:23,260 - TrackerServer - INFO - Listing all peers
2025-04-27 07:51:23,260 - TrackerServer - INFO - Found 12 active peers
2025-04-27 07:51:23,261 - TrackerServer - INFO - Request: GET /list_peers - Status: 200 - Duration: 0.001954s
2025-04-27 07:51:28,271 - TrackerServer - INFO - Listing all peers
2025-04-27 07:51:28,271 - TrackerServer - INFO - Found 12 active peers
2025-04-27 07:51:28,272 - TrackerServer - INFO - Request: GET /list_peers - Status: 200 - Duration: 0.001818s
2025-04-27 07:51:33,260 - TrackerServer - INFO - Listing all peers
2025-04-27 07:51:33,261 - TrackerServer - INFO - Found 12 active peers
2025-04-27 07:51:33,262 - TrackerServer - INFO - Request: GET /list_peers - Status: 200 - Duration: 0.001592s
2025-04-27 07:51:38,268 - TrackerServer - INFO - Listing all peers
2025-04-27 07:51:38,269 - TrackerServer - INFO - Found 12 active peers
2025-04-27 07:51:38,270 - TrackerServer - INFO - Request: GET /list_peers - Status: 200 - Duration: 0.001676s
2025-04-27 07:51:43,368 - TrackerServer - INFO - Listing all peers
2025-04-27 07:51:43,369 - TrackerServer - INFO - Found 12 active peers
2025-04-27 07:51:43,370 - TrackerServer - INFO - Request: GET /list_peers - Status: 200 - Duration: 0.001631s
2025-04-27 07:51:48,568 - TrackerServer - INFO - Listing all peers
2025-04-27 07:51:48,568 - TrackerServer - INFO - Found 12 active peers
2025-04-27 07:51:48,569 - TrackerServer - INFO - Request: GET /list_peers - Status: 200 - Duration: 0.001794s
2025-04-27 07:52:20,450 - TrackerServer - INFO - Listing all peers
2025-04-27 07:52:20,451 - TrackerServer - INFO - Found 12 active peers
2025-04-27 07:52:20,452 - TrackerServer - INFO - Request: GET /list_peers - Status: 200 - Duration: 0.001803s
2025-04-27 07:52:25,433 - TrackerServer - INFO - Attempting to register peer with IP: 127.0.0.1, Port: 3500
2025-04-27 07:52:25,433 - TrackerServer - INFO - Peer registered successfully: b38ed625-49a0-45f1-a9a0-25ce61b16043
2025-04-27 07:52:25,434 - TrackerServer - INFO - Request: POST /register_peer - Status: 200 - Duration: 0.001978s
2025-04-27 07:52:27,489 - TrackerServer - INFO - Listing all peers
2025-04-27 07:52:27,490 - TrackerServer - INFO - Found 13 active peers
2025-04-27 07:52:27,491 - TrackerServer - INFO - Request: GET /list_peers - Status: 200 - Duration: 0.001622s
2025-04-27 07:52:32,346 - TrackerServer - INFO - Listing all peers
2025-04-27 07:52:32,347 - TrackerServer - INFO - Found 13 active peers
2025-04-27 07:52:32,348 - TrackerServer - INFO - Request: GET /list_peers - Status: 200 - Duration: 0.002215s
2025-04-27 07:52:34,390 - TrackerServer - INFO - Listing all peers
2025-04-27 07:52:34,391 - TrackerServer - INFO - Found 13 active peers
2025-04-27 07:52:34,392 - TrackerServer - INFO - Request: GET /list_peers - Status: 200 - Duration: 0.001721s
2025-04-27 07:52:37,495 - TrackerServer - INFO - Listing all peers
2025-04-27 07:52:37,495 - TrackerServer - INFO - Found 13 active peers
2025-04-27 07:52:37,496 - TrackerServer - INFO - Request: GET /list_peers - Status: 200 - Duration: 0.00176s
2025-04-27 07:52:42,503 - TrackerServer - INFO - Listing all peers
2025-04-27 07:52:42,504 - TrackerServer - INFO - Found 13 active peers
2025-04-27 07:52:42,504 - TrackerServer - INFO - Request: GET /list_peers - Status: 200 - Duration: 0.001671s
2025-04-27 07:52:47,495 - TrackerServer - INFO - Listing all peers
2025-04-27 07:52:47,497 - TrackerServer - INFO - Found 13 active peers
2025-04-27 07:52:47,503 - TrackerServer - INFO - Request: GET /list_peers - Status: 200 - Duration: 0.007514s
2025-04-27 07:52:52,481 - TrackerServer - INFO - Listing all peers
2025-04-27 07:52:52,481 - TrackerServer - INFO - Found 13 active peers
2025-04-27 07:52:52,482 - TrackerServer - INFO - Request: GET /list_peers - Status: 200 - Duration: 0.001584s
2025-04-27 07:52:57,494 - TrackerServer - INFO - Listing all peers
2025-04-27 07:52:57,495 - TrackerServer - INFO - Found 13 active peers
2025-04-27 07:52:57,496 - TrackerServer - INFO - Request: GET /list_peers - Status: 200 - Duration: 0.001752s
2025-04-27 07:53:02,492 - TrackerServer - INFO - Listing all peers
2025-04-27 07:53:02,493 - TrackerServer - INFO - Found 13 active peers
2025-04-27 07:53:02,494 - TrackerServer - INFO - Request: GET /list_peers - Status: 200 - Duration: 0.001942s
2025-04-27 07:53:07,511 - TrackerServer - INFO - Listing all peers
2025-04-27 07:53:07,511 - TrackerServer - INFO - Found 13 active peers
2025-04-27 07:53:07,512 - TrackerServer - INFO - Request: GET /list_peers - Status: 200 - Duration: 0.001862s
2025-04-27 07:53:12,497 - TrackerServer - INFO - Listing all peers
2025-04-27 07:53:12,498 - TrackerServer - INFO - Found 13 active peers
2025-04-27 07:53:12,498 - TrackerServer - INFO - Request: GET /list_peers - Status: 200 - Duration: 0.001558s
2025-04-27 07:53:17,496 - TrackerServer - INFO - Listing all peers
2025-04-27 07:53:17,497 - TrackerServer - INFO - Found 13 active peers
2025-04-27 07:53:17,497 - TrackerServer - INFO - Request: GET /list_peers - Status: 200 - Duration: 0.001583s
2025-04-27 07:53:22,490 - TrackerServer - INFO - Listing all peers
2025-04-27 07:53:22,491 - TrackerServer - INFO - Found 13 active peers
2025-04-27 07:53:22,491 - TrackerServer - INFO - Request: GET /list_peers - Status: 200 - Duration: 0.001637s
2025-04-27 07:53:27,516 - TrackerServer - INFO - Listing all peers
2025-04-27 07:53:27,516 - TrackerServer - INFO - Found 13 active peers
2025-04-27 07:53:27,517 - TrackerServer - INFO - Request: GET /list_peers - Status: 200 - Duration: 0.001587s
2025-04-27 07:53:32,489 - TrackerServer - INFO - Listing all peers
2025-04-27 07:53:32,490 - TrackerServer - INFO - Found 13 active peers
2025-04-27 07:53:32,491 - TrackerServer - INFO - Request: GET /list_peers - Status: 200 - Duration: 0.001849s
2025-04-27 07:53:37,497 - TrackerServer - INFO - Listing all peers
2025-04-27 07:53:37,498 - TrackerServer - INFO - Found 13 active peers
2025-04-27 07:53:37,499 - TrackerServer - INFO - Request: GET /list_peers - Status: 200 - Duration: 0.001953s
2025-04-27 07:53:39,883 - TrackerServer - INFO - Listing all peers
2025-04-27 07:53:39,884 - TrackerServer - INFO - Found 13 active peers
2025-04-27 07:53:39,886 - TrackerServer - INFO - Request: GET /list_peers - Status: 200 - Duration: 0.0046s
2025-04-27 07:53:41,934 - TrackerServer - INFO - Attempting to register peer with IP: 127.0.0.1, Port: 3500
2025-04-27 07:53:41,935 - TrackerServer - INFO - Peer registered successfully: af7d3e10-06e0-44c3-9ed5-0e4e73ea2d7c
2025-04-27 07:53:41,938 - TrackerServer - INFO - Request: POST /register_peer - Status: 200 - Duration: 0.005072s
2025-04-27 07:53:43,983 - TrackerServer - INFO - Listing all peers
2025-04-27 07:53:43,984 - TrackerServer - INFO - Found 14 active peers
2025-04-27 07:53:43,985 - TrackerServer - INFO - Request: GET /list_peers - Status: 200 - Duration: 0.001809s
2025-04-27 07:53:48,999 - TrackerServer - INFO - Listing all peers
2025-04-27 07:53:49,000 - TrackerServer - INFO - Found 14 active peers
2025-04-27 07:53:49,001 - TrackerServer - INFO - Request: GET /list_peers - Status: 200 - Duration: 0.001579s
2025-04-27 07:53:54,001 - TrackerServer - INFO - Listing all peers
2025-04-27 07:53:54,001 - TrackerServer - INFO - Found 14 active peers
2025-04-27 07:53:54,002 - TrackerServer - INFO - Request: GET /list_peers - Status: 200 - Duration: 0.001861s
2025-04-27 07:53:59,099 - TrackerServer - INFO - Listing all peers
2025-04-27 07:53:59,099 - TrackerServer - INFO - Found 14 active peers
2025-04-27 07:53:59,100 - TrackerServer - INFO - Request: GET /list_peers - Status: 200 - Duration: 0.001826s
2025-04-27 07:54:04,033 - TrackerServer - INFO - Listing all peers
2025-04-27 07:54:04,033 - TrackerServer - INFO - Found 14 active peers
2025-04-27 07:54:04,036 - TrackerServer - INFO - Request: GET /list_peers - Status: 200 - Duration: 0.00391s
2025-04-27 07:54:08,995 - TrackerServer - INFO - Listing all peers
2025-04-27 07:54:08,996 - TrackerServer - INFO - Found 14 active peers
2025-04-27 07:54:08,997 - TrackerServer - INFO - Request: GET /list_peers - Status: 200 - Duration: 0.00158s
2025-04-27 07:54:14,005 - TrackerServer - INFO - Listing all peers
2025-04-27 07:54:14,005 - TrackerServer - INFO - Found 14 active peers
2025-04-27 07:54:14,006 - TrackerServer - INFO - Request: GET /list_peers - Status: 200 - Duration: 0.001687s
2025-04-27 07:54:19,016 - TrackerServer - INFO - Listing all peers
2025-04-27 07:54:19,017 - TrackerServer - INFO - Found 14 active peers
2025-04-27 07:54:19,018 - TrackerServer - INFO - Request: GET /list_peers - Status: 200 - Duration: 0.001697s
2025-04-27 07:54:24,001 - TrackerServer - INFO - Listing all peers
2025-04-27 07:54:24,001 - TrackerServer - INFO - Found 14 active peers
2025-04-27 07:54:24,003 - TrackerServer - INFO - Request: GET /list_peers - Status: 200 - Duration: 0.002217s
2025-04-27 07:54:29,018 - TrackerServer - INFO - Listing all peers
2025-04-27 07:54:29,019 - TrackerServer - INFO - Found 14 active peers
2025-04-27 07:54:29,020 - TrackerServer - INFO - Request: GET /list_peers - Status: 200 - Duration: 0.00155s
2025-04-27 07:54:33,994 - TrackerServer - INFO - Listing all peers
2025-04-27 07:54:33,998 - TrackerServer - INFO - Found 14 active peers
2025-04-27 07:54:34,000 - TrackerServer - INFO - Request: GET /list_peers - Status: 200 - Duration: 0.006491s
2025-04-27 07:54:36,165 - TrackerServer - INFO - Listing all peers
2025-04-27 07:54:36,166 - TrackerServer - INFO - Found 14 active peers
2025-04-27 07:54:36,167 - TrackerServer - INFO - Request: GET /list_peers - Status: 200 - Duration: 0.001701s
2025-04-27 07:54:38,217 - TrackerServer - INFO - Attempting to register peer with IP: 127.0.0.1, Port: 3500
2025-04-27 07:54:38,217 - TrackerServer - INFO - Peer registered successfully: e64e480f-1c03-427e-9faa-b577344d3a58
2025-04-27 07:54:38,218 - TrackerServer - INFO - Request: POST /register_peer - Status: 200 - Duration: 0.001675s
2025-04-27 07:54:40,266 - TrackerServer - INFO - Listing all peers
2025-04-27 07:54:40,266 - TrackerServer - INFO - Found 15 active peers
2025-04-27 07:54:40,267 - TrackerServer - INFO - Request: GET /list_peers - Status: 200 - Duration: 0.001745s
2025-04-27 07:54:45,287 - TrackerServer - INFO - Listing all peers
2025-04-27 07:54:45,288 - TrackerServer - INFO - Found 15 active peers
2025-04-27 07:54:45,289 - TrackerServer - INFO - Request: GET /list_peers - Status: 200 - Duration: 0.00209s
2025-04-27 07:54:50,285 - TrackerServer - INFO - Listing all peers
2025-04-27 07:54:50,286 - TrackerServer - INFO - Found 15 active peers
2025-04-27 07:54:50,287 - TrackerServer - INFO - Request: GET /list_peers - Status: 200 - Duration: 0.001647s
2025-04-27 07:54:55,281 - TrackerServer - INFO - Listing all peers
2025-04-27 07:54:55,281 - TrackerServer - INFO - Found 15 active peers
2025-04-27 07:54:55,282 - TrackerServer - INFO - Request: GET /list_peers - Status: 200 - Duration: 0.001817s
2025-04-27 07:55:00,265 - TrackerServer - INFO - Listing all peers
2025-04-27 07:55:00,265 - TrackerServer - INFO - Found 15 active peers
2025-04-27 07:55:00,267 - TrackerServer - INFO - Request: GET /list_peers - Status: 200 - Duration: 0.002238s
2025-04-27 07:55:05,280 - TrackerServer - INFO - Listing all peers
2025-04-27 07:55:05,280 - TrackerServer - INFO - Found 15 active peers
2025-04-27 07:55:05,281 - TrackerServer - INFO - Request: GET /list_peers - Status: 200 - Duration: 0.002105s
2025-04-27 07:55:10,288 - TrackerServer - INFO - Listing all peers
2025-04-27 07:55:10,289 - TrackerServer - INFO - Found 15 active peers
2025-04-27 07:55:10,290 - TrackerServer - INFO - Request: GET /list_peers - Status: 200 - Duration: 0.001603s
2025-04-27 07:55:14,265 - TrackerServer - INFO - File advertisement request from peer e64e480f-1c03-427e-9faa-b577344d3a58
2025-04-27 07:55:14,265 - TrackerServer - INFO - Files advertised by peer e64e480f-1c03-427e-9faa-b577344d3a58: ['22k5031.docx']
2025-04-27 07:55:14,266 - TrackerServer - DEBUG - New files added: {'22k5031.docx'}
2025-04-27 07:55:14,266 - TrackerServer - INFO - Request: POST /advertise_file - Status: 200 - Duration: 0.00304s
2025-04-27 07:55:16,316 - TrackerServer - INFO - Listing all peers
2025-04-27 07:55:16,317 - TrackerServer - INFO - Found 15 active peers
2025-04-27 07:55:16,318 - TrackerServer - INFO - Request: GET /list_peers - Status: 200 - Duration: 0.001548s
2025-04-27 07:55:18,372 - TrackerServer - INFO - Listing all peers
2025-04-27 07:55:18,372 - TrackerServer - INFO - Found 15 active peers
2025-04-27 07:55:18,373 - TrackerServer - INFO - Request: GET /list_peers - Status: 200 - Duration: 0.001854s
2025-04-27 07:55:20,427 - TrackerServer - INFO - Listing all peers
2025-04-27 07:55:20,427 - TrackerServer - INFO - Found 15 active peers
2025-04-27 07:55:20,428 - TrackerServer - INFO - Request: GET /list_peers - Status: 200 - Duration: 0.001658s
2025-04-27 07:55:22,512 - TrackerServer - INFO - Listing all peers
2025-04-27 07:55:22,512 - TrackerServer - INFO - Found 15 active peers
2025-04-27 07:55:22,514 - TrackerServer - INFO - Request: GET /list_peers - Status: 200 - Duration: 0.002076s
2025-04-27 07:55:25,262 - TrackerServer - INFO - Listing all peers
2025-04-27 07:55:25,262 - TrackerServer - INFO - Found 15 active peers
2025-04-27 07:55:25,263 - TrackerServer - INFO - Request: GET /list_peers - Status: 200 - Duration: 0.001694s
2025-04-27 07:55:30,284 - TrackerServer - INFO - Listing all peers
2025-04-27 07:55:30,284 - TrackerServer - INFO - Found 15 active peers
2025-04-27 07:55:30,285 - TrackerServer - INFO - Request: GET /list_peers - Status: 200 - Duration: 0.001761s
2025-04-27 07:55:35,285 - TrackerServer - INFO - Listing all peers
2025-04-27 07:55:35,285 - TrackerServer - INFO - Found 15 active peers
2025-04-27 07:55:35,286 - TrackerServer - INFO - Request: GET /list_peers - Status: 200 - Duration: 0.001802s
2025-04-27 07:55:40,291 - TrackerServer - INFO - Listing all peers
2025-04-27 07:55:40,291 - TrackerServer - INFO - Found 15 active peers
2025-04-27 07:55:40,292 - TrackerServer - INFO - Request: GET /list_peers - Status: 200 - Duration: 0.002111s
2025-04-27 07:55:45,295 - TrackerServer - INFO - Listing all peers
2025-04-27 07:55:45,296 - TrackerServer - INFO - Found 15 active peers
2025-04-27 07:55:45,297 - TrackerServer - INFO - Request: GET /list_peers - Status: 200 - Duration: 0.002828s
2025-04-27 07:55:49,195 - TrackerServer - INFO - Listing all peers
2025-04-27 07:55:49,195 - TrackerServer - INFO - Found 15 active peers
2025-04-27 07:55:49,196 - TrackerServer - INFO - Request: GET /list_peers - Status: 200 - Duration: 0.001701s
2025-04-27 07:55:51,241 - TrackerServer - INFO - Listing all peers
2025-04-27 07:55:51,241 - TrackerServer - INFO - Found 15 active peers
2025-04-27 07:55:51,242 - TrackerServer - INFO - Request: GET /list_peers - Status: 200 - Duration: 0.001917s
2025-04-27 07:55:55,286 - TrackerServer - INFO - Listing all peers
2025-04-27 07:55:55,286 - TrackerServer - INFO - Found 15 active peers
2025-04-27 07:55:55,287 - TrackerServer - INFO - Request: GET /list_peers - Status: 200 - Duration: 0.002021s
2025-04-27 07:56:00,281 - TrackerServer - INFO - Listing all peers
2025-04-27 07:56:00,281 - TrackerServer - INFO - Found 15 active peers
2025-04-27 07:56:00,282 - TrackerServer - INFO - Request: GET /list_peers - Status: 200 - Duration: 0.001793s
2025-04-27 07:56:05,280 - TrackerServer - INFO - Listing all peers
2025-04-27 07:56:05,280 - TrackerServer - INFO - Found 15 active peers
2025-04-27 07:56:05,281 - TrackerServer - INFO - Request: GET /list_peers - Status: 200 - Duration: 0.001635s
2025-04-27 07:56:10,284 - TrackerServer - INFO - Listing all peers
2025-04-27 07:56:10,284 - TrackerServer - INFO - Found 15 active peers
2025-04-27 07:56:10,285 - TrackerServer - INFO - Request: GET /list_peers - Status: 200 - Duration: 0.001764s
2025-04-27 07:56:15,281 - TrackerServer - INFO - Listing all peers
2025-04-27 07:56:15,281 - TrackerServer - INFO - Found 15 active peers
2025-04-27 07:56:15,283 - TrackerServer - INFO - Request: GET /list_peers - Status: 200 - Duration: 0.002834s
2025-04-27 07:56:20,274 - TrackerServer - INFO - Listing all peers
2025-04-27 07:56:20,274 - TrackerServer - INFO - Found 15 active peers
2025-04-27 07:56:20,275 - TrackerServer - INFO - Request: GET /list_peers - Status: 200 - Duration: 0.001824s
2025-04-27 07:56:25,296 - TrackerServer - INFO - Listing all peers
2025-04-27 07:56:25,297 - TrackerServer - INFO - Found 15 active peers
2025-04-27 07:56:25,298 - TrackerServer - INFO - Request: GET /list_peers - Status: 200 - Duration: 0.001554s
2025-04-27 07:56:30,281 - TrackerServer - INFO - Listing all peers
2025-04-27 07:56:30,281 - TrackerServer - INFO - Found 15 active peers
2025-04-27 07:56:30,282 - TrackerServer - INFO - Request: GET /list_peers - Status: 200 - Duration: 0.001689s
2025-04-27 07:56:35,285 - TrackerServer - INFO - Listing all peers
2025-04-27 07:56:35,285 - TrackerServer - INFO - Found 15 active peers
2025-04-27 07:56:35,286 - TrackerServer - INFO - Request: GET /list_peers - Status: 200 - Duration: 0.001644s
2025-04-27 07:56:40,290 - TrackerServer - INFO - Listing all peers
2025-04-27 07:56:40,290 - TrackerServer - INFO - Found 15 active peers
2025-04-27 07:56:40,291 - TrackerServer - INFO - Request: GET /list_peers - Status: 200 - Duration: 0.001531s
2025-04-27 07:56:45,304 - TrackerServer - INFO - Listing all peers
2025-04-27 07:56:45,304 - TrackerServer - INFO - Found 15 active peers
2025-04-27 07:56:45,305 - TrackerServer - INFO - Request: GET /list_peers - Status: 200 - Duration: 0.001788s
2025-04-27 07:56:50,280 - TrackerServer - INFO - Listing all peers
2025-04-27 07:56:50,281 - TrackerServer - INFO - Found 15 active peers
2025-04-27 07:56:50,283 - TrackerServer - INFO - Request: GET /list_peers - Status: 200 - Duration: 0.002716s
2025-04-27 07:56:55,274 - TrackerServer - INFO - Listing all peers
2025-04-27 07:56:55,274 - TrackerServer - INFO - Found 15 active peers
2025-04-27 07:56:55,275 - TrackerServer - INFO - Request: GET /list_peers - Status: 200 - Duration: 0.001588s
2025-04-27 07:57:00,292 - TrackerServer - INFO - Listing all peers
2025-04-27 07:57:00,292 - TrackerServer - INFO - Found 15 active peers
2025-04-27 07:57:00,293 - TrackerServer - INFO - Request: GET /list_peers - Status: 200 - Duration: 0.001646s
2025-04-27 07:57:05,287 - TrackerServer - INFO - Listing all peers
2025-04-27 07:57:05,287 - TrackerServer - INFO - Found 15 active peers
2025-04-27 07:57:05,289 - TrackerServer - INFO - Request: GET /list_peers - Status: 200 - Duration: 0.002164s
2025-04-27 07:57:11,565 - TrackerServer - INFO - Listing all peers
2025-04-27 07:57:11,565 - TrackerServer - INFO - Found 15 active peers
2025-04-27 07:57:11,566 - TrackerServer - INFO - Request: GET /list_peers - Status: 200 - Duration: 0.001695s
2025-04-27 07:57:16,283 - TrackerServer - INFO - Listing all peers
2025-04-27 07:57:16,283 - TrackerServer - INFO - Found 15 active peers
2025-04-27 07:57:16,284 - TrackerServer - INFO - Request: GET /list_peers - Status: 200 - Duration: 0.002036s
2025-04-27 07:57:21,312 - TrackerServer - INFO - Listing all peers
2025-04-27 07:57:21,312 - TrackerServer - INFO - Found 15 active peers
2025-04-27 07:57:21,313 - TrackerServer - INFO - Request: GET /list_peers - Status: 200 - Duration: 0.002147s
2025-04-27 07:57:26,278 - TrackerServer - INFO - Listing all peers
2025-04-27 07:57:26,278 - TrackerServer - INFO - Found 15 active peers
2025-04-27 07:57:26,279 - TrackerServer - INFO - Request: GET /list_peers - Status: 200 - Duration: 0.001685s
2025-04-27 07:57:31,277 - TrackerServer - INFO - Listing all peers
2025-04-27 07:57:31,277 - TrackerServer - INFO - Found 15 active peers
2025-04-27 07:57:31,278 - TrackerServer - INFO - Request: GET /list_peers - Status: 200 - Duration: 0.001642s
2025-04-27 07:57:36,264 - TrackerServer - INFO - Listing all peers
2025-04-27 07:57:36,264 - TrackerServer - INFO - Found 15 active peers
2025-04-27 07:57:36,265 - TrackerServer - INFO - Request: GET /list_peers - Status: 200 - Duration: 0.00163s
2025-04-27 07:57:41,281 - TrackerServer - INFO - Listing all peers
2025-04-27 07:57:41,281 - TrackerServer - INFO - Found 15 active peers
2025-04-27 07:57:41,283 - TrackerServer - INFO - Request: GET /list_peers - Status: 200 - Duration: 0.002933s
2025-04-27 07:57:45,278 - TrackerServer - INFO - Listing all peers
2025-04-27 07:57:45,278 - TrackerServer - INFO - Found 15 active peers
2025-04-27 07:57:45,279 - TrackerServer - INFO - Request: GET /list_peers - Status: 200 - Duration: 0.001673s
2025-04-27 07:57:50,296 - TrackerServer - INFO - Listing all peers
2025-04-27 07:57:50,297 - TrackerServer - INFO - Found 15 active peers
2025-04-27 07:57:50,298 - TrackerServer - INFO - Request: GET /list_peers - Status: 200 - Duration: 0.002384s
2025-04-27 07:57:55,267 - TrackerServer - INFO - Listing all peers
2025-04-27 07:57:55,267 - TrackerServer - INFO - Found 15 active peers
2025-04-27 07:57:55,268 - TrackerServer - INFO - Request: GET /list_peers - Status: 200 - Duration: 0.001542s
2025-04-27 07:57:57,350 - TrackerServer - INFO - File advertisement request from peer e64e480f-1c03-427e-9faa-b577344d3a58
2025-04-27 07:57:57,350 - TrackerServer - INFO - Files advertised by peer e64e480f-1c03-427e-9faa-b577344d3a58: ['LAB#5.pkt']
2025-04-27 07:57:57,351 - TrackerServer - DEBUG - New files added: {'LAB#5.pkt'}
2025-04-27 07:57:57,351 - TrackerServer - INFO - Request: POST /advertise_file - Status: 200 - Duration: 0.002177s
2025-04-27 07:57:59,405 - TrackerServer - INFO - Listing all peers
2025-04-27 07:57:59,405 - TrackerServer - INFO - Found 15 active peers
2025-04-27 07:57:59,406 - TrackerServer - INFO - Request: GET /list_peers - Status: 200 - Duration: 0.001648s
2025-04-27 07:58:01,448 - TrackerServer - INFO - Listing all peers
2025-04-27 07:58:01,448 - TrackerServer - INFO - Found 15 active peers
2025-04-27 07:58:01,449 - TrackerServer - INFO - Request: GET /list_peers - Status: 200 - Duration: 0.001638s
2025-04-27 07:58:03,518 - TrackerServer - INFO - Listing all peers
2025-04-27 07:58:03,518 - TrackerServer - INFO - Found 15 active peers
2025-04-27 07:58:03,519 - TrackerServer - INFO - Request: GET /list_peers - Status: 200 - Duration: 0.001631s
2025-04-27 07:58:05,561 - TrackerServer - INFO - Listing all peers
2025-04-27 07:58:05,561 - TrackerServer - INFO - Found 15 active peers
2025-04-27 07:58:05,562 - TrackerServer - INFO - Request: GET /list_peers - Status: 200 - Duration: 0.002047s
2025-04-27 07:58:09,575 - TrackerServer - INFO - Removing file 22k5031.docx from peer e64e480f-1c03-427e-9faa-b577344d3a58
2025-04-27 07:58:09,575 - TrackerServer - INFO - File 22k5031.docx removed from peer e64e480f-1c03-427e-9faa-b577344d3a58
2025-04-27 07:58:09,576 - TrackerServer - INFO - Request: POST /remove_file - Status: 200 - Duration: 0.002021s
2025-04-27 07:58:11,625 - TrackerServer - INFO - Listing all peers
2025-04-27 07:58:11,626 - TrackerServer - INFO - Found 15 active peers
2025-04-27 07:58:11,626 - TrackerServer - INFO - Request: GET /list_peers - Status: 200 - Duration: 0.001798s
2025-04-27 07:58:13,681 - TrackerServer - INFO - Removing file LAB#5.pkt from peer e64e480f-1c03-427e-9faa-b577344d3a58
2025-04-27 07:58:13,681 - TrackerServer - INFO - File LAB#5.pkt removed from peer e64e480f-1c03-427e-9faa-b577344d3a58
2025-04-27 07:58:13,682 - TrackerServer - INFO - Request: POST /remove_file - Status: 200 - Duration: 0.00143s
2025-04-27 07:58:15,737 - TrackerServer - INFO - Listing all peers
2025-04-27 07:58:15,737 - TrackerServer - INFO - Found 15 active peers
2025-04-27 07:58:15,738 - TrackerServer - INFO - Request: GET /list_peers - Status: 200 - Duration: 0.001685s
2025-04-27 07:58:17,791 - TrackerServer - INFO - Listing all peers
2025-04-27 07:58:17,791 - TrackerServer - INFO - Found 15 active peers
2025-04-27 07:58:17,792 - TrackerServer - INFO - Request: GET /list_peers - Status: 200 - Duration: 0.002029s
2025-04-27 07:58:19,841 - TrackerServer - INFO - Listing all peers
2025-04-27 07:58:19,841 - TrackerServer - INFO - Found 15 active peers
2025-04-27 07:58:19,842 - TrackerServer - INFO - Request: GET /list_peers - Status: 200 - Duration: 0.001531s
2025-04-27 07:58:21,898 - TrackerServer - INFO - Listing all peers
2025-04-27 07:58:21,898 - TrackerServer - INFO - Found 15 active peers
2025-04-27 07:58:21,899 - TrackerServer - INFO - Request: GET /list_peers - Status: 200 - Duration: 0.001732s
2025-04-27 07:58:24,009 - TrackerServer - INFO - Listing all peers
2025-04-27 07:58:24,010 - TrackerServer - INFO - Found 15 active peers
2025-04-27 07:58:24,011 - TrackerServer - INFO - Request: GET /list_peers - Status: 200 - Duration: 0.002031s
2025-04-27 07:58:26,064 - TrackerServer - INFO - Listing all peers
2025-04-27 07:58:26,064 - TrackerServer - INFO - Found 15 active peers
2025-04-27 07:58:26,065 - TrackerServer - INFO - Request: GET /list_peers - Status: 200 - Duration: 0.001594s
2025-04-27 07:58:30,277 - TrackerServer - INFO - Listing all peers
2025-04-27 07:58:30,277 - TrackerServer - INFO - Found 15 active peers
2025-04-27 07:58:30,278 - TrackerServer - INFO - Request: GET /list_peers - Status: 200 - Duration: 0.001898s
2025-04-27 07:58:35,265 - TrackerServer - INFO - Listing all peers
2025-04-27 07:58:35,265 - TrackerServer - INFO - Found 15 active peers
2025-04-27 07:58:35,266 - TrackerServer - INFO - Request: GET /list_peers - Status: 200 - Duration: 0.001666s
